Admin,Masuk form pembelian,07 Juni 2012,18:29:52
Admin,Masuk form penjualan,07 Juni 2012,18:32:14
Admin,Keluar program,07 Juni 2012,18:32:56
Admin,Masuk form penjualan,07 Juni 2012,18:39:32
Admin,Masuk form pembelian,07 Juni 2012,18:39:33
Admin,Berhasil login.,07 Juni 2012,18:39:33
Admin,Masuk form supplier,07 Juni 2012,18:39:37
Admin,Masuk form pembelian,07 Juni 2012,18:39:44
Admin,Masuk form pembelian,07 Juni 2012,18:40:26
Admin,Keluar program,07 Juni 2012,18:41:54
Admin,Masuk form penjualan,07 Juni 2012,18:44:12
Admin,Masuk form pembelian,07 Juni 2012,18:44:12
Admin,Berhasil login.,07 Juni 2012,18:44:12
Admin,Keluar program,07 Juni 2012,18:44:32
Admin,Masuk form penjualan,07 Juni 2012,18:45:52
Admin,Masuk form pembelian,07 Juni 2012,18:45:52
Admin,Berhasil login.,07 Juni 2012,18:45:52
Admin,Keluar program,07 Juni 2012,18:46:01
Admin,Masuk form penjualan,07 Juni 2012,18:46:57
Admin,Masuk form pembelian,07 Juni 2012,18:46:58
Admin,Berhasil login.,07 Juni 2012,18:46:58
Admin,Keluar program,07 Juni 2012,18:47:11
Admin,Masuk form penjualan,07 Juni 2012,19:34:21
Admin,Masuk form pembelian,07 Juni 2012,19:34:21
Admin,Berhasil login.,07 Juni 2012,19:34:21
Admin,Keluar program,07 Juni 2012,19:35:06
Admin,Masuk form penjualan,08 Juni 2012,10:26:25
Admin,Masuk form pembelian,08 Juni 2012,10:26:25
Admin,Berhasil login.,08 Juni 2012,10:26:25
Admin,Masuk form penjualan,08 Juni 2012,10:29:49
Admin,Masuk form barang,08 Juni 2012,10:30:38
Admin,Keluar program,08 Juni 2012,10:31:11
Admin,Masuk form penjualan,08 Juni 2012,10:31:20
Admin,Masuk form pembelian,08 Juni 2012,10:31:20
Admin,Berhasil login.,08 Juni 2012,10:31:20
Admin,Masuk form barang,08 Juni 2012,10:32:13
Admin,Masuk form penjualan,08 Juni 2012,10:33:26
Admin,Masuk form barang,08 Juni 2012,10:33:59
Admin,Masuk form penjualan,08 Juni 2012,10:35:15
Admin,Masuk form barang,08 Juni 2012,10:35:37
Admin,Masuk form penjualan,08 Juni 2012,10:36:38
Admin,Masuk form barang,08 Juni 2012,10:37:02
Admin,Masuk form penjualan,08 Juni 2012,10:37:42
Admin,Masuk form barang,08 Juni 2012,10:38:57
Admin,Keluar program,08 Juni 2012,10:44:21
Admin,Masuk form penjualan,08 Juni 2012,19:32:25
Admin,Masuk form pembelian,08 Juni 2012,19:32:25
Admin,Berhasil login.,08 Juni 2012,19:32:25
Admin,Keluar program,08 Juni 2012,19:32:42
Admin,Masuk form penjualan,08 Juni 2012,20:29:51
Admin,Masuk form pembelian,08 Juni 2012,20:29:51
Admin,Berhasil login.,08 Juni 2012,20:29:51
Admin,Keluar program,08 Juni 2012,20:30:02
Admin,Masuk form penjualan,08 Juni 2012,20:39:45
Admin,Masuk form pembelian,08 Juni 2012,20:39:46
Admin,Berhasil login.,08 Juni 2012,20:39:46
Admin,Keluar program,08 Juni 2012,20:39:59
Admin,Masuk form penjualan,08 Juni 2012,20:40:36
Admin,Masuk form pembelian,08 Juni 2012,20:40:36
Admin,Berhasil login.,08 Juni 2012,20:40:36
Admin,Keluar program,08 Juni 2012,20:40:51
Admin,Masuk form penjualan,08 Juni 2012,20:48:24
Admin,Masuk form pembelian,08 Juni 2012,20:48:24
Admin,Berhasil login.,08 Juni 2012,20:48:24
Admin,Keluar program,08 Juni 2012,20:48:39
Admin,Masuk form penjualan,08 Juni 2012,20:49:45
Admin,Masuk form pembelian,08 Juni 2012,20:49:45
Admin,Berhasil login.,08 Juni 2012,20:49:45
Admin,Keluar program,08 Juni 2012,20:49:55
Admin,Masuk form penjualan,08 Juni 2012,20:50:37
Admin,Masuk form pembelian,08 Juni 2012,20:50:37
Admin,Berhasil login.,08 Juni 2012,20:50:37
Admin,Keluar program,08 Juni 2012,20:50:46
Admin,Masuk form penjualan,08 Juni 2012,20:54:56
Admin,Masuk form pembelian,08 Juni 2012,20:54:56
Admin,Berhasil login.,08 Juni 2012,20:54:56
Admin,Masuk form penjualan,08 Juni 2012,20:55:16
Admin,Masuk form pembelian,08 Juni 2012,20:55:16
Admin,Berhasil login.,08 Juni 2012,20:55:16
Admin,Keluar program,08 Juni 2012,20:55:29
Admin,Masuk form penjualan,08 Juni 2012,20:56:26
Admin,Masuk form pembelian,08 Juni 2012,20:56:26
Admin,Berhasil login.,08 Juni 2012,20:56:26
Admin,Keluar program,08 Juni 2012,20:56:46
Admin,Masuk form penjualan,08 Juni 2012,20:58:13
Admin,Masuk form pembelian,08 Juni 2012,20:58:13
Admin,Berhasil login.,08 Juni 2012,20:58:13
Admin,Masuk form penjualan,08 Juni 2012,20:58:51
Admin,Masuk form pembelian,08 Juni 2012,20:58:51
Admin,Berhasil login.,08 Juni 2012,20:58:51
Admin,Keluar program,08 Juni 2012,20:59:09
Admin,Masuk form penjualan,08 Juni 2012,20:59:25
Admin,Masuk form pembelian,08 Juni 2012,20:59:25
Admin,Berhasil login.,08 Juni 2012,20:59:25
Admin,Keluar program,08 Juni 2012,20:59:51
Admin,Masuk form penjualan,08 Juni 2012,21:01:29
Admin,Masuk form pembelian,08 Juni 2012,21:01:29
Admin,Berhasil login.,08 Juni 2012,21:01:29
Admin,Keluar program,08 Juni 2012,21:01:47
Admin,Masuk form penjualan,08 Juni 2012,21:01:57
Admin,Masuk form pembelian,08 Juni 2012,21:01:58
Admin,Berhasil login.,08 Juni 2012,21:01:58
Admin,Keluar program,08 Juni 2012,21:03:06
Admin,Masuk form penjualan,08 Juni 2012,21:03:50
Admin,Masuk form pembelian,08 Juni 2012,21:03:50
Admin,Berhasil login.,08 Juni 2012,21:03:50
Admin,Keluar program,08 Juni 2012,21:03:59
Admin,Masuk form penjualan,08 Juni 2012,21:04:45
Admin,Masuk form pembelian,08 Juni 2012,21:04:45
Admin,Berhasil login.,08 Juni 2012,21:04:45
Admin,Keluar program,08 Juni 2012,21:04:51
Admin,Masuk form penjualan,08 Juni 2012,21:05:52
Admin,Masuk form pembelian,08 Juni 2012,21:05:52
Admin,Berhasil login.,08 Juni 2012,21:05:52
Admin,Keluar program,08 Juni 2012,21:06:16
Admin,Masuk form penjualan,08 Juni 2012,21:06:43
Admin,Masuk form pembelian,08 Juni 2012,21:06:43
Admin,Berhasil login.,08 Juni 2012,21:06:43
Admin,Keluar program,08 Juni 2012,21:07:05
Admin,Masuk form penjualan,08 Juni 2012,21:08:07
Admin,Masuk form pembelian,08 Juni 2012,21:08:07
Admin,Berhasil login.,08 Juni 2012,21:08:07
Admin,Keluar program,08 Juni 2012,21:08:39
Admin,Masuk form penjualan,08 Juni 2012,21:09:27
Admin,Masuk form pembelian,08 Juni 2012,21:09:27
Admin,Berhasil login.,08 Juni 2012,21:09:27
Admin,Masuk form penjualan,08 Juni 2012,21:10:00
Admin,Masuk form pembelian,08 Juni 2012,21:10:00
Admin,Berhasil login.,08 Juni 2012,21:10:00
Admin,Keluar program,08 Juni 2012,21:10:25
Admin,Masuk form penjualan,08 Juni 2012,21:10:39
Admin,Masuk form pembelian,08 Juni 2012,21:10:39
Admin,Berhasil login.,08 Juni 2012,21:10:39
Admin,Keluar program,08 Juni 2012,21:10:52
Admin,Masuk form penjualan,08 Juni 2012,21:11:05
Admin,Masuk form pembelian,08 Juni 2012,21:11:05
Admin,Berhasil login.,08 Juni 2012,21:11:05
Admin,Keluar program,08 Juni 2012,21:11:39
Admin,Masuk form penjualan,08 Juni 2012,21:11:55
Admin,Masuk form pembelian,08 Juni 2012,21:11:55
Admin,Berhasil login.,08 Juni 2012,21:11:55
Admin,Keluar program,08 Juni 2012,21:12:24
Admin,Masuk form penjualan,08 Juni 2012,21:12:56
Admin,Masuk form pembelian,08 Juni 2012,21:12:56
Admin,Berhasil login.,08 Juni 2012,21:12:56
Admin,Keluar program,08 Juni 2012,21:13:25
Admin,Masuk form penjualan,08 Juni 2012,21:14:11
Admin,Masuk form pembelian,08 Juni 2012,21:14:11
Admin,Berhasil login.,08 Juni 2012,21:14:11
Admin,Keluar program,08 Juni 2012,21:14:28
Admin,Masuk form penjualan,08 Juni 2012,21:15:08
Admin,Masuk form pembelian,08 Juni 2012,21:15:08
Admin,Berhasil login.,08 Juni 2012,21:15:08
Admin,Keluar program,08 Juni 2012,21:15:10
Admin,Masuk form penjualan,08 Juni 2012,21:15:35
Admin,Masuk form pembelian,08 Juni 2012,21:15:36
Admin,Berhasil login.,08 Juni 2012,21:15:36
Admin,Keluar program,08 Juni 2012,21:16:19
Admin,Masuk form penjualan,08 Juni 2012,21:16:28
Admin,Masuk form pembelian,08 Juni 2012,21:16:29
Admin,Berhasil login.,08 Juni 2012,21:16:29
Admin,Keluar program,08 Juni 2012,21:16:39
Admin,Masuk form penjualan,08 Juni 2012,21:16:57
Admin,Masuk form pembelian,08 Juni 2012,21:16:57
Admin,Berhasil login.,08 Juni 2012,21:16:57
Admin,Keluar program,08 Juni 2012,21:17:12
Admin,Masuk form penjualan,08 Juni 2012,21:17:32
Admin,Masuk form pembelian,08 Juni 2012,21:17:32
Admin,Berhasil login.,08 Juni 2012,21:17:32
Admin,Keluar program,08 Juni 2012,21:17:43
Admin,Masuk form penjualan,08 Juni 2012,21:18:00
Admin,Masuk form pembelian,08 Juni 2012,21:18:00
Admin,Berhasil login.,08 Juni 2012,21:18:00
Admin,Keluar program,08 Juni 2012,21:18:24
Admin,Masuk form penjualan,08 Juni 2012,21:19:18
Admin,Masuk form pembelian,08 Juni 2012,21:19:18
Admin,Berhasil login.,08 Juni 2012,21:19:18
Admin,Keluar program,08 Juni 2012,21:19:29
Admin,Masuk form penjualan,08 Juni 2012,21:20:20
Admin,Masuk form pembelian,08 Juni 2012,21:20:20
Admin,Berhasil login.,08 Juni 2012,21:20:20
Admin,Keluar program,08 Juni 2012,21:20:41
Admin,Masuk form penjualan,08 Juni 2012,21:21:43
Admin,Masuk form pembelian,08 Juni 2012,21:21:44
Admin,Berhasil login.,08 Juni 2012,21:21:44
Admin,Keluar program,08 Juni 2012,21:22:59
Admin,Masuk form penjualan,08 Juni 2012,21:25:02
Admin,Masuk form pembelian,08 Juni 2012,21:25:03
Admin,Berhasil login.,08 Juni 2012,21:25:03
Admin,Masuk form penjualan,08 Juni 2012,21:25:20
Admin,Keluar program,08 Juni 2012,21:25:24
Admin,Masuk form penjualan,08 Juni 2012,21:26:07
Admin,Masuk form pembelian,08 Juni 2012,21:26:07
Admin,Berhasil login.,08 Juni 2012,21:26:07
Admin,Keluar program,08 Juni 2012,21:26:21
Admin,Masuk form penjualan,08 Juni 2012,21:27:33
Admin,Masuk form pembelian,08 Juni 2012,21:27:33
Admin,Berhasil login.,08 Juni 2012,21:27:34
Admin,Keluar program,08 Juni 2012,21:27:42
Admin,Masuk form penjualan,08 Juni 2012,21:28:22
Admin,Masuk form pembelian,08 Juni 2012,21:28:23
Admin,Berhasil login.,08 Juni 2012,21:28:23
Admin,Keluar program,08 Juni 2012,21:28:52
Admin,Masuk form penjualan,08 Juni 2012,21:29:17
Admin,Masuk form pembelian,08 Juni 2012,21:29:18
Admin,Berhasil login.,08 Juni 2012,21:29:18
Admin,Keluar program,08 Juni 2012,21:29:47
Admin,Masuk form penjualan,09 Juni 2012,05:14:55
Admin,Masuk form pembelian,09 Juni 2012,05:14:55
Admin,Berhasil login.,09 Juni 2012,05:14:55
Admin,Keluar program,09 Juni 2012,05:15:25
Admin,Masuk form penjualan,09 Juni 2012,05:15:46
Admin,Masuk form pembelian,09 Juni 2012,05:15:47
Admin,Berhasil login.,09 Juni 2012,05:15:47
Admin,Keluar program,09 Juni 2012,05:16:06
Admin,Masuk form penjualan,09 Juni 2012,05:17:38
Admin,Masuk form pembelian,09 Juni 2012,05:17:38
Admin,Berhasil login.,09 Juni 2012,05:17:38
Admin,Keluar program,09 Juni 2012,05:18:29
Admin,Masuk form penjualan,09 Juni 2012,05:19:37
Admin,Masuk form pembelian,09 Juni 2012,05:19:38
Admin,Berhasil login.,09 Juni 2012,05:19:38
Admin,Keluar program,09 Juni 2012,05:20:06
Admin,Masuk form penjualan,09 Juni 2012,05:20:22
Admin,Masuk form pembelian,09 Juni 2012,05:20:22
Admin,Berhasil login.,09 Juni 2012,05:20:22
Admin,Keluar program,09 Juni 2012,05:20:46
Admin,Masuk form penjualan,09 Juni 2012,05:22:56
Admin,Masuk form pembelian,09 Juni 2012,05:22:56
Admin,Berhasil login.,09 Juni 2012,05:22:56
Admin,Keluar program,09 Juni 2012,05:23:52
Admin,Masuk form penjualan,09 Juni 2012,05:24:32
Admin,Masuk form pembelian,09 Juni 2012,05:24:32
Admin,Berhasil login.,09 Juni 2012,05:24:32
Admin,Keluar program,09 Juni 2012,05:25:19
Admin,Masuk form penjualan,09 Juni 2012,05:26:13
Admin,Masuk form pembelian,09 Juni 2012,05:26:13
Admin,Berhasil login.,09 Juni 2012,05:26:13
Admin,Keluar program,09 Juni 2012,05:26:42
Admin,Masuk form penjualan,09 Juni 2012,05:27:20
Admin,Masuk form pembelian,09 Juni 2012,05:27:20
Admin,Berhasil login.,09 Juni 2012,05:27:20
Admin,Keluar program,09 Juni 2012,05:28:25
Admin,Masuk form penjualan,09 Juni 2012,05:28:49
Admin,Masuk form pembelian,09 Juni 2012,05:28:49
Admin,Berhasil login.,09 Juni 2012,05:28:49
Admin,Keluar program,09 Juni 2012,05:29:07
Admin,Masuk form penjualan,09 Juni 2012,05:29:22
Admin,Masuk form pembelian,09 Juni 2012,05:29:22
Admin,Berhasil login.,09 Juni 2012,05:29:22
Admin,Keluar program,09 Juni 2012,05:29:48
Admin,Masuk form penjualan,09 Juni 2012,05:32:41
Admin,Masuk form pembelian,09 Juni 2012,05:32:41
Admin,Berhasil login.,09 Juni 2012,05:32:41
Admin,Keluar program,09 Juni 2012,05:32:49
Admin,Masuk form penjualan,09 Juni 2012,05:33:31
Admin,Masuk form pembelian,09 Juni 2012,05:33:31
Admin,Berhasil login.,09 Juni 2012,05:33:31
Admin,Keluar program,09 Juni 2012,05:33:58
Admin,Masuk form penjualan,09 Juni 2012,05:34:18
Admin,Masuk form pembelian,09 Juni 2012,05:34:18
Admin,Berhasil login.,09 Juni 2012,05:34:18
Admin,Keluar program,09 Juni 2012,05:34:46
Admin,Masuk form penjualan,09 Juni 2012,05:35:00
Admin,Masuk form pembelian,09 Juni 2012,05:35:00
Admin,Berhasil login.,09 Juni 2012,05:35:00
Admin,Keluar program,09 Juni 2012,05:35:08
Admin,Masuk form penjualan,09 Juni 2012,05:35:19
Admin,Masuk form pembelian,09 Juni 2012,05:35:19
Admin,Berhasil login.,09 Juni 2012,05:35:19
Admin,Keluar program,09 Juni 2012,05:35:28
Admin,Masuk form penjualan,09 Juni 2012,05:36:25
Admin,Masuk form pembelian,09 Juni 2012,05:36:25
Admin,Berhasil login.,09 Juni 2012,05:36:25
Admin,Keluar program,09 Juni 2012,05:36:41
Admin,Masuk form penjualan,09 Juni 2012,05:36:53
Admin,Masuk form pembelian,09 Juni 2012,05:36:53
Admin,Berhasil login.,09 Juni 2012,05:36:53
Admin,Keluar program,09 Juni 2012,05:37:04
Admin,Masuk form penjualan,09 Juni 2012,05:37:20
Admin,Masuk form pembelian,09 Juni 2012,05:37:20
Admin,Berhasil login.,09 Juni 2012,05:37:20
Admin,Keluar program,09 Juni 2012,05:37:44
Admin,Masuk form penjualan,09 Juni 2012,05:39:40
Admin,Masuk form pembelian,09 Juni 2012,05:39:40
Admin,Berhasil login.,09 Juni 2012,05:39:40
Admin,Keluar program,09 Juni 2012,05:40:03
Admin,Masuk form penjualan,09 Juni 2012,05:40:42
Admin,Masuk form pembelian,09 Juni 2012,05:40:43
Admin,Berhasil login.,09 Juni 2012,05:40:43
Admin,Keluar program,09 Juni 2012,05:42:06
Admin,Masuk form penjualan,09 Juni 2012,05:42:42
Admin,Masuk form pembelian,09 Juni 2012,05:42:42
Admin,Berhasil login.,09 Juni 2012,05:42:42
Admin,Keluar program,09 Juni 2012,05:44:43
Admin,Masuk form penjualan,09 Juni 2012,05:45:43
Admin,Masuk form pembelian,09 Juni 2012,05:45:43
Admin,Berhasil login.,09 Juni 2012,05:45:43
Admin,Masuk form Pelanggan,09 Juni 2012,05:46:01
Admin,Keluar program,09 Juni 2012,05:46:09
Admin,Masuk form penjualan,09 Juni 2012,05:46:25
Admin,Masuk form pembelian,09 Juni 2012,05:46:25
Admin,Berhasil login.,09 Juni 2012,05:46:25
Admin,Keluar program,09 Juni 2012,05:46:36
Admin,Masuk form penjualan,09 Juni 2012,05:47:33
Admin,Masuk form pembelian,09 Juni 2012,05:47:33
Admin,Berhasil login.,09 Juni 2012,05:47:33
Admin,Keluar program,09 Juni 2012,05:47:49
Admin,Masuk form penjualan,09 Juni 2012,05:48:13
Admin,Masuk form pembelian,09 Juni 2012,05:48:13
Admin,Berhasil login.,09 Juni 2012,05:48:13
Admin,Masuk form penjualan,09 Juni 2012,05:52:50
Admin,Masuk form pembelian,09 Juni 2012,05:52:50
Admin,Berhasil login.,09 Juni 2012,05:52:50
Admin,Keluar program,09 Juni 2012,05:54:12
Admin,Masuk form penjualan,09 Juni 2012,05:57:44
Admin,Masuk form pembelian,09 Juni 2012,05:57:44
Admin,Berhasil login.,09 Juni 2012,05:57:44
Admin,Masuk form penjualan,09 Juni 2012,05:59:03
Admin,Masuk form pembelian,09 Juni 2012,05:59:03
Admin,Berhasil login.,09 Juni 2012,05:59:03
Admin,Masuk form penjualan,09 Juni 2012,05:59:18
Admin,Masuk form penjualan,09 Juni 2012,05:59:23
Admin,Masuk form penjualan,09 Juni 2012,06:00:59
Admin,Masuk form pembelian,09 Juni 2012,06:00:59
Admin,Berhasil login.,09 Juni 2012,06:00:59
Admin,Keluar program,09 Juni 2012,06:01:10
Admin,Masuk form penjualan,09 Juni 2012,06:02:18
Admin,Masuk form pembelian,09 Juni 2012,06:02:18
Admin,Berhasil login.,09 Juni 2012,06:02:18
Admin,Keluar program,09 Juni 2012,06:03:00
Admin,Masuk form penjualan,09 Juni 2012,06:03:39
Admin,Masuk form pembelian,09 Juni 2012,06:03:39
Admin,Berhasil login.,09 Juni 2012,06:03:39
Admin,Keluar program,09 Juni 2012,06:04:31
Admin,Masuk form penjualan,09 Juni 2012,06:05:02
Admin,Masuk form pembelian,09 Juni 2012,06:05:02
Admin,Berhasil login.,09 Juni 2012,06:05:02
Admin,Keluar program,09 Juni 2012,06:05:25
Admin,Masuk form penjualan,09 Juni 2012,06:13:07
Admin,Masuk form pembelian,09 Juni 2012,06:13:07
Admin,Berhasil login.,09 Juni 2012,06:13:07
Admin,Masuk form penjualan,09 Juni 2012,06:13:32
Admin,Keluar program,09 Juni 2012,06:13:36
Admin,Masuk form penjualan,09 Juni 2012,06:13:56
Admin,Masuk form pembelian,09 Juni 2012,06:13:57
Admin,Berhasil login.,09 Juni 2012,06:13:57
Admin,Keluar program,09 Juni 2012,06:14:18
Admin,Masuk form penjualan,09 Juni 2012,06:15:21
Admin,Masuk form pembelian,09 Juni 2012,06:15:21
Admin,Berhasil login.,09 Juni 2012,06:15:21
Admin,Keluar program,09 Juni 2012,06:15:38
Admin,Masuk form penjualan,09 Juni 2012,06:16:53
Admin,Masuk form pembelian,09 Juni 2012,06:16:54
Admin,Berhasil login.,09 Juni 2012,06:16:54
Admin,Keluar program,09 Juni 2012,06:17:28
Admin,Masuk form penjualan,09 Juni 2012,06:18:27
Admin,Masuk form pembelian,09 Juni 2012,06:18:27
Admin,Berhasil login.,09 Juni 2012,06:18:27
Admin,Keluar program,09 Juni 2012,06:19:06
Admin,Masuk form penjualan,09 Juni 2012,06:19:36
Admin,Masuk form pembelian,09 Juni 2012,06:19:36
Admin,Berhasil login.,09 Juni 2012,06:19:36
Admin,Keluar program,09 Juni 2012,06:19:54
Admin,Masuk form penjualan,09 Juni 2012,06:20:16
Admin,Masuk form pembelian,09 Juni 2012,06:20:16
Admin,Berhasil login.,09 Juni 2012,06:20:16
Admin,Keluar program,09 Juni 2012,06:20:38
Admin,Masuk form penjualan,09 Juni 2012,06:21:02
Admin,Masuk form pembelian,09 Juni 2012,06:21:02
Admin,Berhasil login.,09 Juni 2012,06:21:02
Admin,Keluar program,09 Juni 2012,06:21:22
Admin,Masuk form penjualan,09 Juni 2012,06:21:51
Admin,Masuk form pembelian,09 Juni 2012,06:21:51
Admin,Berhasil login.,09 Juni 2012,06:21:51
Admin,Keluar program,09 Juni 2012,06:22:20
Admin,Masuk form penjualan,09 Juni 2012,06:23:32
Admin,Masuk form pembelian,09 Juni 2012,06:23:32
Admin,Berhasil login.,09 Juni 2012,06:23:32
Admin,Keluar program,09 Juni 2012,06:24:05
Admin,Masuk form penjualan,09 Juni 2012,06:25:33
Admin,Masuk form pembelian,09 Juni 2012,06:25:33
Admin,Berhasil login.,09 Juni 2012,06:25:33
Admin,Masuk form penjualan,09 Juni 2012,06:26:08
Admin,Masuk form pembelian,09 Juni 2012,06:26:08
Admin,Berhasil login.,09 Juni 2012,06:26:08
Admin,Keluar program,09 Juni 2012,06:27:10
Admin,Masuk form penjualan,09 Juni 2012,06:27:33
Admin,Masuk form pembelian,09 Juni 2012,06:27:33
Admin,Berhasil login.,09 Juni 2012,06:27:33
Admin,Masuk form barang,09 Juni 2012,06:27:35
Admin,Keluar program,09 Juni 2012,06:28:09
Admin,Masuk form penjualan,09 June 2012,06:29:42
Admin,Masuk form pembelian,09 June 2012,06:29:44
Admin,Berhasil login.,09 June 2012,06:29:44
Admin,Keluar program,09 June 2012,06:29:45
Admin,Masuk form penjualan,09 June 2012,06:30:13
Admin,Masuk form pembelian,09 June 2012,06:30:16
Admin,Berhasil login.,09 June 2012,06:30:16
Admin,Keluar program,09 June 2012,06:30:17
Admin,Masuk form penjualan,09 June 2012,06:32:09
Admin,Masuk form pembelian,09 June 2012,06:32:09
Admin,Berhasil login.,09 June 2012,06:32:09
Admin,Masuk form barang,09 June 2012,06:32:15
Admin,Keluar program,09 June 2012,06:32:23
Admin,Masuk form penjualan,09 June 2012,06:32:48
Admin,Masuk form pembelian,09 June 2012,06:32:48
Admin,Berhasil login.,09 June 2012,06:32:48
Admin,Masuk form barang,09 June 2012,06:32:53
Admin,Masuk form penjualan,09 June 2012,06:33:19
Admin,Keluar program,09 June 2012,06:33:52
Admin,Masuk form penjualan,09 June 2012,06:36:49
Admin,Masuk form pembelian,09 June 2012,06:36:49
Admin,Berhasil login.,09 June 2012,06:36:49
Admin,Keluar program,09 June 2012,06:37:10
Admin,Masuk form penjualan,09 June 2012,06:37:31
Admin,Masuk form pembelian,09 June 2012,06:37:31
Admin,Berhasil login.,09 June 2012,06:37:31
Admin,Keluar program,09 June 2012,06:38:10
Admin,Masuk form penjualan,09 June 2012,06:42:05
Admin,Masuk form pembelian,09 June 2012,06:42:05
Admin,Berhasil login.,09 June 2012,06:42:05
Admin,Keluar program,09 June 2012,06:42:33
Admin,Masuk form penjualan,09 June 2012,06:43:07
Admin,Masuk form pembelian,09 June 2012,06:43:08
Admin,Berhasil login.,09 June 2012,06:43:08
Admin,Keluar program,09 June 2012,06:44:02
Admin,Masuk form penjualan,09 June 2012,06:45:10
Admin,Masuk form pembelian,09 June 2012,06:45:10
Admin,Berhasil login.,09 June 2012,06:45:10
Admin,Keluar program,09 June 2012,06:45:43
Admin,Masuk form penjualan,09 June 2012,06:46:13
Admin,Masuk form pembelian,09 June 2012,06:46:13
Admin,Berhasil login.,09 June 2012,06:46:13
Admin,Keluar program,09 June 2012,06:46:37
Admin,Masuk form penjualan,09 June 2012,06:47:14
Admin,Masuk form pembelian,09 June 2012,06:47:14
Admin,Berhasil login.,09 June 2012,06:47:14
Admin,Keluar program,09 June 2012,06:48:05
Admin,Masuk form penjualan,09 June 2012,06:48:30
Admin,Masuk form pembelian,09 June 2012,06:48:30
Admin,Berhasil login.,09 June 2012,06:48:30
Admin,Keluar program,09 June 2012,06:49:13
Admin,Masuk form penjualan,11 June 2012,07:18:18
Admin,Masuk form pembelian,11 June 2012,07:18:18
Admin,Berhasil login.,11 June 2012,07:18:18
Admin,Keluar program,11 June 2012,07:21:12
Admin,Masuk form penjualan,11 June 2012,07:25:00
Admin,Masuk form pembelian,11 June 2012,07:25:01
Admin,Berhasil login.,11 June 2012,07:25:01
Admin,Keluar program,11 June 2012,07:25:40
Admin,Masuk form penjualan,11 June 2012,07:26:01
Admin,Masuk form pembelian,11 June 2012,07:26:01
Admin,Berhasil login.,11 June 2012,07:26:01
Admin,Masuk form penjualan,11 June 2012,07:32:02
Admin,Masuk form pembelian,11 June 2012,07:34:14
Admin,Masuk form barang,11 June 2012,07:34:29
Admin,Masuk form penjualan,11 June 2012,07:34:51
Admin,Keluar program,11 June 2012,07:40:20
Admin,Masuk form penjualan,11 June 2012,07:48:54
Admin,Masuk form pembelian,11 June 2012,07:48:54
Admin,Berhasil login.,11 June 2012,07:48:54
Admin,Masuk form pembelian,11 June 2012,07:49:22
Admin,Masuk form barang,11 June 2012,07:49:52
Admin,Masuk form Pelanggan,11 June 2012,07:50:04
Admin,Masuk form supplier,11 June 2012,07:50:54
Admin,Masuk form laporan laba rugi,11 June 2012,07:51:11
Admin,Masuk form barang,11 June 2012,07:51:24
Admin,Masuk form pembelian,11 June 2012,07:52:13
Admin,Masuk form pembelian,11 June 2012,07:52:20
Admin,Masuk form pembelian,11 June 2012,07:52:52
Admin,Masuk form barang,11 June 2012,07:52:56
Admin,Keluar program,11 June 2012,07:53:01
Admin,Masuk form penjualan,12 June 2012,10:55:44
Admin,Masuk form pembelian,12 June 2012,10:55:44
Admin,Berhasil login.,12 June 2012,10:55:44
Admin,Masuk form Pelanggan,12 June 2012,10:55:45
Admin,Keluar program,12 June 2012,10:55:47
,Masuk form barang,15 June 2012,04:06:08
,Masuk form penjualan,15 June 2012,04:06:16
,Keluar program,15 June 2012,04:06:32
,Masuk form barang,15 June 2012,04:06:54
,Masuk form penjualan,15 June 2012,04:06:57
,Masuk form penjualan,15 June 2012,04:09:09
,Masuk form pembelian,15 June 2012,04:09:41
,Keluar program,15 June 2012,04:12:37
,Masuk form pembelian,15 June 2012,04:16:21
,Keluar program,15 June 2012,04:16:45
,Masuk form pembelian,15 June 2012,04:17:24
,Masuk form pembelian,15 June 2012,04:18:37
,Masuk form supplier,15 June 2012,04:19:08
,Masuk form barang,15 June 2012,04:19:13
,Masuk form supplier,15 June 2012,04:19:21
,Masuk form penjualan,15 June 2012,04:19:29
,Keluar program,15 June 2012,04:19:33
,Masuk form penjualan,15 June 2012,04:21:46
,Keluar program,15 June 2012,04:22:26
,Masuk form penjualan,15 June 2012,04:22:48
,Keluar program,15 June 2012,04:22:51
,Masuk form penjualan,15 June 2012,04:23:52
,Keluar program,15 June 2012,04:24:01
,Masuk form penjualan,15 June 2012,04:24:40
,Masuk form penjualan,15 June 2012,04:25:04
,Masuk form pembelian,15 June 2012,04:25:10
,Masuk form pembelian,15 June 2012,04:25:31
,Keluar program,15 June 2012,04:25:36
,Masuk form laporan laba rugi,15 June 2012,04:26:05
,Masuk form supplier,15 June 2012,04:26:16
,Masuk form pelanggan,15 June 2012,04:26:43
,Masuk form penjualan,15 June 2012,04:26:48
,Masuk form penjualan,15 June 2012,04:26:57
,Masuk form pembelian,15 June 2012,04:27:04
,Masuk form pembelian,15 June 2012,04:27:09
,Keluar program,15 June 2012,04:27:12
,Masuk form supplier,15 June 2012,04:27:23
,Masuk form Pelanggan,15 June 2012,04:27:29
,Keluar program,15 June 2012,04:27:51
,Masuk form penjualan,15 June 2012,04:29:22
,Masuk form penjualan,15 June 2012,04:29:45
,Keluar program,15 June 2012,04:29:57
,Masuk form penjualan,15 June 2012,04:31:02
,Keluar program,15 June 2012,04:35:21
,Masuk form pembelian,15 June 2012,05:01:28
,Keluar program,15 June 2012,05:01:33
,Masuk form penjualan,16 June 2012,09:00:04
,Keluar program,16 June 2012,09:22:04
,Masuk form penjualan,16 June 2012,15:08:26
,Masuk form penjualan,16 June 2012,15:11:43
,Masuk form pembelian,16 June 2012,15:12:32
,Masuk form barang,16 June 2012,15:12:41
,Masuk form penjualan,16 June 2012,15:13:45
,Keluar program,16 June 2012,15:14:32
,Masuk form penjualan,16 June 2012,15:16:26
,Keluar program,16 June 2012,15:16:35
,Masuk form penjualan,16 June 2012,15:16:56
,Masuk form penjualan,16 June 2012,15:18:09
,Keluar program,16 June 2012,15:18:45
,Masuk form penjualan,16 June 2012,15:19:22
,Keluar program,16 June 2012,15:19:33
,Masuk form penjualan,18 June 2012,10:50:43
,Keluar program,18 June 2012,10:50:50
,Masuk form penjualan,18 June 2012,10:52:16
,Keluar program,18 June 2012,10:52:31
,Masuk form penjualan,18 June 2012,10:54:09
,Masuk form penjualan,18 June 2012,10:54:31
,Masuk form penjualan,18 June 2012,10:55:12
,Masuk form penjualan,18 June 2012,10:55:49
,Keluar program,18 June 2012,10:55:56
,Masuk form penjualan,18 June 2012,10:56:10
,Masuk form pembelian,18 June 2012,10:56:41
,Masuk form penjualan,18 June 2012,10:56:44
,Keluar program,18 June 2012,10:57:04
,Keluar program,18 June 2012,10:57:33
,Masuk form penjualan,18 June 2012,11:27:24
,Keluar program,18 June 2012,11:28:02
,Masuk form penjualan,21 June 2012,04:12:20
,Keluar program,21 June 2012,04:12:59
Admin,Masuk form penjualan,21 June 2012,16:10:15
Admin,Masuk form pembelian,21 June 2012,16:10:16
Admin,Berhasil login.,21 June 2012,16:10:16
Admin,Masuk form barang,21 June 2012,16:14:32
Admin,Masuk form penjualan,21 June 2012,16:15:28
Admin,Keluar program,21 June 2012,16:16:59
Admin,Masuk form penjualan,21 June 2012,16:18:14
Admin,Masuk form pembelian,21 June 2012,16:18:14
Admin,Berhasil login.,21 June 2012,16:18:14
Admin,Keluar program,21 June 2012,16:18:28
Admin,Masuk form penjualan,21 June 2012,16:18:41
Admin,Masuk form pembelian,21 June 2012,16:18:41
Admin,Berhasil login.,21 June 2012,16:18:41
Admin,Keluar program,21 June 2012,16:19:06
Admin,Masuk form penjualan,28 June 2012,04:32:08
Admin,Masuk form pembelian,28 June 2012,04:32:08
Admin,Berhasil login.,28 June 2012,04:32:08
Admin,Keluar program,28 June 2012,04:32:56
Admin,Masuk form penjualan,28 June 2012,08:41:52
Admin,Masuk form pembelian,28 June 2012,08:41:52
Admin,Berhasil login.,28 June 2012,08:41:52
Admin,Masuk form laporan laba rugi,28 June 2012,08:42:19
Admin,Keluar program,28 June 2012,08:43:02
Admin,Masuk form penjualan,28 June 2012,08:43:28
Admin,Masuk form pembelian,28 June 2012,08:43:28
Admin,Berhasil login.,28 June 2012,08:43:28
Admin,Masuk form penjualan,28 June 2012,08:49:02
Admin,Masuk form pembelian,28 June 2012,08:49:02
Admin,Berhasil login.,28 June 2012,08:49:02
Admin,Masuk form penjualan,03 July 2012,19:11:57
Admin,Masuk form pembelian,03 July 2012,19:11:57
Admin,Berhasil login.,03 July 2012,19:11:57
Admin,Masuk form penjualan,03 July 2012,19:13:00
Admin,Masuk form penjualan,03 July 2012,19:13:01
Admin,Masuk form penjualan,03 July 2012,19:13:16
Admin,Masuk form barang,03 July 2012,19:19:54
Admin,Masuk form penjualan,03 July 2012,19:21:21
Admin,Masuk form barang,03 July 2012,19:22:57
Admin,Masuk form penjualan,03 July 2012,19:23:27
Admin,Masuk form penjualan,03 July 2012,19:25:39
Admin,Masuk form barang,03 July 2012,19:33:31
Admin,Masuk form penjualan,03 July 2012,19:35:16
Admin,Masuk form penjualan,03 July 2012,19:39:12
Admin,Masuk form penjualan,03 July 2012,19:40:35
Admin,Masuk form penjualan,03 July 2012,19:45:35
Admin,Masuk form penjualan,03 July 2012,19:48:42
Admin,Masuk form penjualan,03 July 2012,20:01:53
Admin,Keluar program,03 July 2012,20:22:51
Admin,Masuk form penjualan,04 July 2012,09:32:18
Admin,Masuk form pembelian,04 July 2012,09:32:18
Admin,Berhasil login.,04 July 2012,09:32:18
Admin,Keluar program,04 July 2012,09:37:45
Admin,Masuk form penjualan,04 July 2012,09:39:10
Admin,Masuk form pembelian,04 July 2012,09:39:10
Admin,Berhasil login.,04 July 2012,09:39:10
Admin,Masuk form barang,04 July 2012,09:45:26
Admin,Masuk form barang,04 July 2012,09:48:07
Admin,Keluar program,04 July 2012,09:56:33
Admin,Masuk form penjualan,04 July 2012,09:57:07
Admin,Masuk form pembelian,04 July 2012,09:57:07
Admin,Berhasil login.,04 July 2012,09:57:07
Admin,Masuk form penjualan,04 July 2012,10:03:37
Admin,Masuk form pembelian,04 July 2012,10:03:37
Admin,Berhasil login.,04 July 2012,10:03:37
Admin,Masuk form barang,04 July 2012,10:04:54
Admin,Masuk form pelanggan,04 July 2012,10:06:31
Admin,Masuk form barang,04 July 2012,10:07:01
Admin,Masuk form penjualan,04 July 2012,10:12:43
Admin,Masuk form penjualan,04 July 2012,10:13:26
Admin,Masuk form Pelanggan,04 July 2012,10:13:42
Admin,Masuk form penjualan,04 July 2012,10:14:05
Admin,Masuk form pembelian,04 July 2012,10:15:02
Admin,Masuk form pembelian,04 July 2012,10:15:05
Admin,Masuk form penjualan,04 July 2012,10:17:03
Admin,Masuk form penjualan,04 July 2012,10:17:23
Admin,Keluar program,04 July 2012,10:17:36
Admin,Masuk form penjualan,15 July 2012,18:12:16
Admin,Masuk form pembelian,15 July 2012,18:12:16
Admin,Berhasil login.,15 July 2012,18:12:16
Admin,Masuk form barang,15 July 2012,18:15:44
Admin,Masuk form Pelanggan,15 July 2012,18:23:38
Admin,Masuk form penjualan,15 July 2012,18:24:05
Admin,Masuk form supplier,15 July 2012,18:28:56
Admin,Masuk form pembelian,15 July 2012,18:29:21
Admin,Masuk form penjualan,15 July 2012,18:33:31
Admin,Masuk form penjualan,15 July 2012,18:34:19
Admin,Masuk form penjualan,15 July 2012,18:36:25
Admin,Keluar program,15 July 2012,18:37:40
Admin,Masuk form penjualan,17 July 2012,17:06:37
Admin,Masuk form pembelian,17 July 2012,17:06:38
Admin,Berhasil login.,17 July 2012,17:06:38
Admin,Masuk form barang,17 July 2012,17:10:53
Admin,Masuk form pengambilan pengguna,17 July 2012,17:11:54
Admin,Masuk form barang,17 July 2012,17:12:37
Admin,Masuk form penjualan,17 July 2012,17:15:34
Admin,Masuk form pembelian,17 July 2012,17:15:34
Admin,Berhasil login.,17 July 2012,17:15:34
Admin,Masuk form barang,17 July 2012,17:15:46
Admin,Masuk form barang,17 July 2012,17:17:10
Admin,Masuk form barang,17 July 2012,17:17:47
Admin,Masuk form penjualan,17 July 2012,17:19:03
Admin,Masuk form penjualan,17 July 2012,17:20:32
Admin,Masuk form barang,17 July 2012,17:22:09
Admin,Masuk form penjualan,17 July 2012,17:22:20
Admin,Masuk form penjualan,17 July 2012,17:23:41
Admin,Masuk form penjualan,17 July 2012,17:28:22
Admin,Masuk form pembelian,17 July 2012,17:28:23
Admin,Berhasil login.,17 July 2012,17:28:23
Admin,Masuk form penjualan,17 July 2012,17:30:18
Admin,Keluar program,17 July 2012,17:36:24
Admin,Masuk form penjualan,20 July 2013,16:08:08
Admin,Masuk form pembelian,20 July 2013,16:08:08
Admin,Berhasil login.,20 July 2013,16:08:08
Admin,Keluar program,20 July 2013,16:09:14
Admin,Masuk form penjualan,22 July 2012,07:50:32
Admin,Masuk form pembelian,22 July 2012,07:50:32
Admin,Berhasil login.,22 July 2012,07:50:32
Admin,Masuk form penjualan,22 July 2012,07:50:52
Admin,Keluar program,22 July 2012,07:50:57
Admin,Masuk form penjualan,22 July 2012,07:51:13
Admin,Masuk form pembelian,22 July 2012,07:51:13
Admin,Berhasil login.,22 July 2012,07:51:13
Admin,Keluar program,22 July 2012,07:51:45
Admin,Masuk form penjualan,22 July 2012,07:52:36
Admin,Masuk form pembelian,22 July 2012,07:52:36
Admin,Berhasil login.,22 July 2012,07:52:36
Admin,Masuk form penjualan,22 July 2012,07:52:58
Admin,Keluar program,22 July 2012,07:54:56
Admin,Masuk form penjualan,22 July 2012,07:55:19
Admin,Masuk form pembelian,22 July 2012,07:55:19
Admin,Berhasil login.,22 July 2012,07:55:19
Admin,Masuk form penjualan,22 July 2012,07:56:37
Admin,Masuk form pembelian,22 July 2012,07:56:37
Admin,Berhasil login.,22 July 2012,07:56:37
Admin,Masuk form penjualan,22 July 2012,07:57:26
Admin,Keluar program,22 July 2012,07:57:53
Admin,Masuk form penjualan,22 July 2012,08:21:48
Admin,Masuk form pembelian,22 July 2012,08:21:48
Admin,Berhasil login.,22 July 2012,08:21:48
Admin,Keluar program,22 July 2012,08:21:57
Admin,Masuk form penjualan,22 July 2012,08:22:37
Admin,Masuk form pembelian,22 July 2012,08:22:37
Admin,Berhasil login.,22 July 2012,08:22:37
Admin,Keluar program,22 July 2012,08:22:45
Admin,Masuk form penjualan,22 July 2012,08:30:30
Admin,Masuk form pembelian,22 July 2012,08:30:31
Admin,Berhasil login.,22 July 2012,08:30:31
Admin,Keluar program,22 July 2012,08:30:38
Admin,Masuk form penjualan,22 July 2012,08:31:21
Admin,Masuk form pembelian,22 July 2012,08:31:22
Admin,Berhasil login.,22 July 2012,08:31:22
Admin,Keluar program,22 July 2012,08:31:40
Admin,Masuk form penjualan,22 July 2012,08:33:39
Admin,Masuk form pembelian,22 July 2012,08:33:39
Admin,Berhasil login.,22 July 2012,08:33:39
Admin,Masuk form barang,22 July 2012,08:33:50
Admin,Masuk form penjualan,22 July 2012,08:33:54
Admin,Masuk form penjualan,22 July 2012,08:35:01
Admin,Keluar program,22 July 2012,08:35:14
Admin,Masuk form penjualan,22 July 2012,08:36:39
Admin,Masuk form pembelian,22 July 2012,08:36:39
Admin,Berhasil login.,22 July 2012,08:36:39
Admin,Keluar program,22 July 2012,08:37:36
Admin,Masuk form penjualan,22 July 2012,08:38:41
Admin,Masuk form pembelian,22 July 2012,08:38:41
Admin,Berhasil login.,22 July 2012,08:38:41
Admin,Keluar program,22 July 2012,08:39:10
Admin,Masuk form penjualan,22 July 2012,08:39:52
Admin,Masuk form pembelian,22 July 2012,08:39:52
Admin,Berhasil login.,22 July 2012,08:39:52
Admin,Masuk form pembelian,22 July 2012,08:40:24
Admin,Masuk form penjualan,22 July 2012,08:40:34
Admin,Masuk form pembelian,22 July 2012,08:41:11
Admin,Masuk form penjualan,22 July 2012,08:41:21
Admin,Masuk form barang,22 July 2012,08:41:39
Admin,Keluar program,22 July 2012,08:41:58
Admin,Masuk form penjualan,22 July 2012,08:42:58
Admin,Masuk form pembelian,22 July 2012,08:42:58
Admin,Berhasil login.,22 July 2012,08:42:58
Admin,Masuk form barang,22 July 2012,08:42:59
Admin,Keluar program,22 July 2012,08:43:07
Admin,Masuk form penjualan,22 July 2012,08:43:28
Admin,Masuk form pembelian,22 July 2012,08:43:28
Admin,Berhasil login.,22 July 2012,08:43:28
Admin,Masuk form barang,22 July 2012,08:43:29
Admin,Keluar program,22 July 2012,08:43:48
Admin,Masuk form penjualan,22 July 2012,08:45:21
Admin,Masuk form pembelian,22 July 2012,08:45:21
Admin,Berhasil login.,22 July 2012,08:45:21
Admin,Masuk form barang,22 July 2012,08:45:22
Admin,Keluar program,22 July 2012,08:47:50
Admin,Masuk form penjualan,22 July 2012,08:49:11
Admin,Masuk form pembelian,22 July 2012,08:49:11
Admin,Berhasil login.,22 July 2012,08:49:11
Admin,Masuk form barang,22 July 2012,08:49:13
Admin,Keluar program,22 July 2012,08:50:09
Admin,Masuk form penjualan,22 July 2012,08:50:52
Admin,Masuk form pembelian,22 July 2012,08:50:53
Admin,Berhasil login.,22 July 2012,08:50:53
Admin,Masuk form penjualan,22 July 2012,08:51:10
Admin,Masuk form pembelian,22 July 2012,08:51:10
Admin,Berhasil login.,22 July 2012,08:51:10
Admin,Keluar program,22 July 2012,08:51:22
Admin,Masuk form penjualan,22 July 2012,08:51:57
Admin,Masuk form pembelian,22 July 2012,08:51:57
Admin,Berhasil login.,22 July 2012,08:51:57
Admin,Keluar program,22 July 2012,08:52:43
Admin,Masuk form penjualan,22 July 2012,08:56:06
Admin,Masuk form pembelian,22 July 2012,08:56:06
Admin,Berhasil login.,22 July 2012,08:56:06
Admin,Keluar program,22 July 2012,08:56:46
Admin,Masuk form penjualan,22 July 2012,08:57:14
Admin,Masuk form pembelian,22 July 2012,08:57:14
Admin,Berhasil login.,22 July 2012,08:57:14
Admin,Masuk form supplier,22 July 2012,08:57:16
Admin,Masuk form barang,22 July 2012,08:57:26
Admin,Keluar program,22 July 2012,08:57:45
Admin,Masuk form penjualan,22 July 2012,09:02:09
Admin,Masuk form pembelian,22 July 2012,09:02:09
Admin,Berhasil login.,22 July 2012,09:02:09
Admin,Masuk form barang,22 July 2012,09:02:10
Admin,Masuk form pembelian,22 July 2012,09:02:28
Admin,Keluar program,22 July 2012,09:11:52
Admin,Masuk form penjualan,23 July 2012,11:23:10
Admin,Masuk form pembelian,23 July 2012,11:23:11
Admin,Berhasil login.,23 July 2012,11:23:11
Admin,Masuk form penjualan,23 July 2012,11:26:34
Admin,Masuk form barang,23 July 2012,11:33:39
Admin,Masuk form penjualan,23 July 2012,11:33:48
Admin,Masuk form barang,23 July 2012,11:35:37
Admin,Masuk form penjualan,23 July 2012,11:36:43
Admin,Masuk form penjualan,23 July 2012,11:36:49
Admin,Masuk form pembelian,23 July 2012,11:36:54
Admin,Masuk form penjualan,23 July 2012,11:36:57
Admin,Masuk form penjualan,23 July 2012,11:42:45
Admin,Masuk form pembelian,23 July 2012,11:42:45
Admin,Berhasil login.,23 July 2012,11:42:45
Admin,Masuk form pembelian,23 July 2012,11:57:21
Admin,Masuk form pembelian,23 July 2012,11:58:31
Admin,Masuk form penjualan,23 July 2012,11:58:36
Admin,Masuk form barang,23 July 2012,11:58:57
Admin,Masuk form pelanggan,23 July 2012,11:59:12
Admin,Masuk form penjualan,23 July 2012,11:59:23
Admin,Masuk form penjualan,23 July 2012,11:59:47
Admin,Masuk form penjualan,23 July 2012,12:01:57
Admin,Masuk form penjualan,23 July 2012,12:02:17
Admin,Masuk form penjualan,23 July 2012,12:02:22
Admin,Masuk form penjualan,23 July 2012,12:04:13
Admin,Masuk form pengambilan pengguna,23 July 2012,12:10:14
Admin,Masuk form penjualan,23 July 2012,12:12:52
Admin,Masuk form Pelanggan,23 July 2012,12:12:57
Admin,Masuk form penjualan,23 July 2012,12:13:03
Admin,Masuk form penjualan,23 July 2012,12:14:04
Admin,Masuk form pembelian,23 July 2012,12:14:04
Admin,Berhasil login.,23 July 2012,12:14:04
Admin,Masuk form barang,23 July 2012,12:15:31
Admin,Masuk form penjualan,23 July 2012,12:15:57
Admin,Keluar program,23 July 2012,12:16:00
Admin,Masuk form penjualan,23 July 2012,13:05:37
Admin,Masuk form pembelian,23 July 2012,13:05:37
Admin,Berhasil login.,23 July 2012,13:05:37
Admin,Masuk form penjualan,23 July 2012,13:07:41
Admin,Masuk form pembelian,23 July 2012,13:07:41
Admin,Berhasil login.,23 July 2012,13:07:41
Admin,Masuk form pembelian,23 July 2012,13:09:21
Admin,Keluar program,23 July 2012,13:09:45
Admin,Masuk form penjualan,23 July 2012,13:17:20
Admin,Masuk form pembelian,23 July 2012,13:17:20
Admin,Berhasil login.,23 July 2012,13:17:20
Admin,Keluar program,23 July 2012,13:17:22
Admin,Masuk form penjualan,23 July 2012,13:18:29
Admin,Masuk form pembelian,23 July 2012,13:18:30
Admin,Berhasil login.,23 July 2012,13:18:30
Admin,Masuk form penjualan,23 July 2012,13:19:05
Admin,Masuk form pembelian,23 July 2012,13:19:05
Admin,Berhasil login.,23 July 2012,13:19:05
Admin,Masuk form penjualan,23 July 2012,13:20:12
Admin,Masuk form pembelian,23 July 2012,13:20:12
Admin,Berhasil login.,23 July 2012,13:20:12
Admin,Masuk form barang,23 July 2012,13:20:46
Admin,Keluar program,23 July 2012,13:21:15
Admin,Masuk form penjualan,23 July 2012,13:22:49
Admin,Masuk form pembelian,23 July 2012,13:22:49
Admin,Berhasil login.,23 July 2012,13:22:49
Admin,Masuk form barang,23 July 2012,13:22:54
Admin,Keluar program,23 July 2012,13:23:15
Admin,Masuk form penjualan,23 July 2012,13:24:07
Admin,Masuk form pembelian,23 July 2012,13:24:07
Admin,Berhasil login.,23 July 2012,13:24:07
Admin,Masuk form pembelian,23 July 2012,13:24:47
Admin,Masuk form penjualan,23 July 2012,13:24:52
Admin,Keluar program,23 July 2012,13:24:58
Admin,Masuk form penjualan,27 July 2012,07:15:37
Admin,Masuk form pembelian,27 July 2012,07:15:37
Admin,Berhasil login.,27 July 2012,07:15:37
Admin,Masuk form penjualan,27 July 2012,07:40:27
Admin,Masuk form pembelian,27 July 2012,07:40:28
Admin,Berhasil login.,27 July 2012,07:40:28
Admin,Masuk form penjualan,27 July 2012,07:45:14
Admin,Masuk form pembelian,27 July 2012,07:45:14
Admin,Berhasil login.,27 July 2012,07:45:14
Admin,Masuk form penjualan,27 July 2012,08:21:51
Admin,Masuk form pembelian,27 July 2012,08:21:51
Admin,Berhasil login.,27 July 2012,08:21:51
Admin,Masuk form Pelanggan,27 July 2012,08:22:17
Admin,Keluar program,27 July 2012,08:22:23
Admin,Masuk form penjualan,27 July 2012,08:23:18
Admin,Masuk form pembelian,27 July 2012,08:23:18
Admin,Berhasil login.,27 July 2012,08:23:18
Admin,Keluar program,27 July 2012,08:23:34
Admin,Masuk form penjualan,27 July 2012,08:23:43
Admin,Masuk form pembelian,27 July 2012,08:23:43
Admin,Berhasil login.,27 July 2012,08:23:43
Admin,Keluar program,27 July 2012,08:24:04
Admin,Masuk form penjualan,27 July 2012,08:31:45
Admin,Masuk form pembelian,27 July 2012,08:31:45
Admin,Berhasil login.,27 July 2012,08:31:45
Admin,Keluar program,27 July 2012,08:31:53
Admin,Masuk form penjualan,27 July 2012,08:32:09
Admin,Masuk form pembelian,27 July 2012,08:32:09
Admin,Berhasil login.,27 July 2012,08:32:09
Admin,Keluar program,27 July 2012,08:32:32
Admin,Masuk form penjualan,27 July 2012,08:33:30
Admin,Masuk form pembelian,27 July 2012,08:33:30
Admin,Berhasil login.,27 July 2012,08:33:30
Admin,Masuk form penjualan,27 July 2012,08:34:38
Admin,Masuk form pembelian,27 July 2012,08:34:38
Admin,Berhasil login.,27 July 2012,08:34:38
Admin,Masuk form penjualan,27 July 2012,08:35:15
Admin,Masuk form pembelian,27 July 2012,08:35:16
Admin,Berhasil login.,27 July 2012,08:35:16
Admin,Keluar program,27 July 2012,08:35:30
Admin,Masuk form penjualan,27 July 2012,09:19:13
Admin,Masuk form pembelian,27 July 2012,09:19:13
Admin,Berhasil login.,27 July 2012,09:19:13
Admin,Keluar program,27 July 2012,09:20:52
Admin,Masuk form penjualan,27 July 2012,09:27:39
Admin,Masuk form pembelian,27 July 2012,09:27:39
Admin,Berhasil login.,27 July 2012,09:27:39
Admin,Masuk form penjualan,27 July 2012,09:27:59
Admin,Masuk form penjualan,27 July 2012,09:30:13
Admin,Masuk form pembelian,27 July 2012,09:30:14
Admin,Berhasil login.,27 July 2012,09:30:14
Admin,Keluar program,27 July 2012,09:32:14
Admin,Masuk form penjualan,27 July 2012,09:35:43
Admin,Masuk form pembelian,27 July 2012,09:35:43
Admin,Berhasil login.,27 July 2012,09:35:43
Admin,Keluar program,27 July 2012,09:36:37
Admin,Masuk form penjualan,27 July 2012,09:36:51
Admin,Masuk form pembelian,27 July 2012,09:36:51
Admin,Berhasil login.,27 July 2012,09:36:51
Admin,Keluar program,27 July 2012,09:37:00
Admin,Masuk form penjualan,27 July 2012,09:37:26
Admin,Masuk form pembelian,27 July 2012,09:37:27
Admin,Berhasil login.,27 July 2012,09:37:27
Admin,Masuk form penjualan,27 July 2012,09:38:32
Admin,Masuk form pembelian,27 July 2012,09:38:32
Admin,Berhasil login.,27 July 2012,09:38:32
Admin,Keluar program,27 July 2012,09:39:35
Admin,Masuk form penjualan,27 July 2012,09:47:01
Admin,Masuk form pembelian,27 July 2012,09:47:01
Admin,Berhasil login.,27 July 2012,09:47:01
Admin,Masuk form penjualan,27 July 2012,09:48:07
Admin,Masuk form pembelian,27 July 2012,09:48:07
Admin,Berhasil login.,27 July 2012,09:48:07
Admin,Keluar program,27 July 2012,09:48:43
Admin,Masuk form penjualan,27 July 2012,09:50:36
Admin,Masuk form pembelian,27 July 2012,09:50:36
Admin,Berhasil login.,27 July 2012,09:50:36
Admin,Masuk form pembelian,27 July 2012,09:50:57
Admin,Masuk form penjualan,27 July 2012,10:04:15
Admin,Masuk form pembelian,27 July 2012,10:04:15
Admin,Berhasil login.,27 July 2012,10:04:15
Admin,Keluar program,27 July 2012,10:04:23
Admin,Masuk form penjualan,27 July 2012,10:05:44
Admin,Masuk form pembelian,27 July 2012,10:05:44
Admin,Berhasil login.,27 July 2012,10:05:44
Admin,Keluar program,27 July 2012,10:05:55
Admin,Masuk form penjualan,27 July 2012,10:06:36
Admin,Masuk form pembelian,27 July 2012,10:06:36
Admin,Berhasil login.,27 July 2012,10:06:36
Admin,Keluar program,27 July 2012,10:06:50
Admin,Masuk form penjualan,27 July 2012,10:08:17
Admin,Masuk form pembelian,27 July 2012,10:08:17
Admin,Masuk form penjualan,27 July 2012,10:08:40
Admin,Masuk form pembelian,27 July 2012,10:08:40
Admin,Masuk form penjualan,27 July 2012,10:09:03
Admin,Masuk form pembelian,27 July 2012,10:09:03
Admin,Berhasil login.,27 July 2012,10:09:03
Admin,Masuk form penjualan,27 July 2012,10:12:06
Admin,Masuk form pembelian,27 July 2012,10:12:06
Admin,Berhasil login.,27 July 2012,10:12:06
Admin,Masuk form penjualan,27 July 2012,10:12:26
Admin,Masuk form pembelian,27 July 2012,10:12:26
Admin,Berhasil login.,27 July 2012,10:12:26
Admin,Keluar program,27 July 2012,10:12:50
Admin,Masuk form penjualan,27 July 2012,10:14:54
Admin,Masuk form pembelian,27 July 2012,10:14:54
Admin,Berhasil login.,27 July 2012,10:14:54
Admin,Masuk form penjualan,27 July 2012,10:15:24
Admin,Masuk form pembelian,27 July 2012,10:15:24
Admin,Berhasil login.,27 July 2012,10:15:24
Admin,Keluar program,27 July 2012,10:15:36
Admin,Masuk form penjualan,27 July 2012,10:47:54
Admin,Masuk form pembelian,27 July 2012,10:47:54
Admin,Berhasil login.,27 July 2012,10:47:54
Admin,Masuk form penjualan,27 July 2012,10:48:44
Admin,Masuk form pembelian,27 July 2012,10:48:44
Admin,Berhasil login.,27 July 2012,10:48:44
Admin,Masuk form penjualan,27 July 2012,10:50:10
Admin,Masuk form pembelian,27 July 2012,10:50:10
Admin,Berhasil login.,27 July 2012,10:50:10
Admin,Masuk form penjualan,27 July 2012,11:16:35
Admin,Masuk form pembelian,27 July 2012,11:16:35
Admin,Berhasil login.,27 July 2012,11:16:35
Admin,Keluar program,27 July 2012,11:16:54
Admin,Masuk form penjualan,27 July 2012,11:17:11
Admin,Masuk form pembelian,27 July 2012,11:17:12
Admin,Berhasil login.,27 July 2012,11:17:12
Admin,Keluar program,27 July 2012,11:17:23
Admin,Masuk form penjualan,27 July 2012,11:18:12
Admin,Masuk form pembelian,27 July 2012,11:18:12
Admin,Berhasil login.,27 July 2012,11:18:12
Admin,Masuk form penjualan,27 July 2012,11:18:40
Admin,Masuk form pembelian,27 July 2012,11:18:40
Admin,Berhasil login.,27 July 2012,11:18:40
Admin,Keluar program,27 July 2012,11:18:47
Admin,Masuk form penjualan,27 July 2012,11:19:05
Admin,Masuk form pembelian,27 July 2012,11:19:05
Admin,Berhasil login.,27 July 2012,11:19:05
Admin,Keluar program,27 July 2012,11:19:17
Admin,Masuk form penjualan,27 July 2012,11:19:40
Admin,Masuk form pembelian,27 July 2012,11:19:40
Admin,Berhasil login.,27 July 2012,11:19:40
Admin,Keluar program,27 July 2012,11:19:55
Admin,Masuk form penjualan,27 July 2012,11:24:29
Admin,Masuk form pembelian,27 July 2012,11:24:29
Admin,Berhasil login.,27 July 2012,11:24:29
Admin,Keluar program,27 July 2012,11:24:41
Admin,Masuk form penjualan,27 July 2012,11:24:57
Admin,Masuk form pembelian,27 July 2012,11:24:57
Admin,Berhasil login.,27 July 2012,11:24:57
Admin,Keluar program,27 July 2012,11:25:21
Admin,Masuk form penjualan,27 July 2012,16:02:48
Admin,Masuk form pembelian,27 July 2012,16:02:48
Admin,Berhasil login.,27 July 2012,16:02:48
Admin,Masuk form barang,27 July 2012,16:02:49
Admin,Keluar program,27 July 2012,16:03:11
Admin,Masuk form penjualan,27 July 2012,16:03:32
Admin,Masuk form pembelian,27 July 2012,16:03:32
Admin,Berhasil login.,27 July 2012,16:03:32
Admin,Masuk form barang,27 July 2012,16:03:33
Admin,Keluar program,27 July 2012,16:03:42
Admin,Masuk form penjualan,27 July 2012,16:05:20
Admin,Masuk form pembelian,27 July 2012,16:05:21
Admin,Berhasil login.,27 July 2012,16:05:21
Admin,Masuk form barang,27 July 2012,16:05:22
Admin,Masuk form penjualan,27 July 2012,16:08:09
Admin,Masuk form pembelian,27 July 2012,16:08:09
Admin,Berhasil login.,27 July 2012,16:08:09
Admin,Masuk form barang,27 July 2012,16:08:10
Admin,Masuk form penjualan,27 July 2012,16:09:00
Admin,Masuk form pembelian,27 July 2012,16:09:00
Admin,Berhasil login.,27 July 2012,16:09:00
Admin,Masuk form barang,27 July 2012,16:09:01
Admin,Masuk form penjualan,27 July 2012,16:42:03
Admin,Masuk form pembelian,27 July 2012,16:42:03
Admin,Berhasil login.,27 July 2012,16:42:03
Admin,Keluar program,27 July 2012,16:42:05
Admin,Masuk form penjualan,27 July 2012,17:19:25
Admin,Masuk form pembelian,27 July 2012,17:19:25
Admin,Berhasil login.,27 July 2012,17:19:25
Admin,Masuk form penjualan,27 July 2012,17:21:12
Admin,Masuk form pembelian,27 July 2012,17:21:12
Admin,Berhasil login.,27 July 2012,17:21:12
Admin,Keluar program,27 July 2012,17:21:36
Admin,Masuk form penjualan,27 July 2012,17:22:19
Admin,Masuk form pembelian,27 July 2012,17:22:19
Admin,Berhasil login.,27 July 2012,17:22:19
Admin,Keluar program,27 July 2012,17:22:26
Admin,Masuk form penjualan,27 July 2012,17:23:10
Admin,Masuk form pembelian,27 July 2012,17:23:11
Admin,Berhasil login.,27 July 2012,17:23:11
Admin,Keluar program,27 July 2012,17:23:56
Admin,Masuk form penjualan,27 July 2012,17:24:06
Admin,Masuk form pembelian,27 July 2012,17:24:06
Admin,Berhasil login.,27 July 2012,17:24:06
Admin,Keluar program,27 July 2012,17:24:25
Admin,Masuk form penjualan,27 July 2012,17:26:32
Admin,Masuk form pembelian,27 July 2012,17:26:32
Admin,Berhasil login.,27 July 2012,17:26:32
Admin,Keluar program,27 July 2012,17:27:23
Admin,Masuk form penjualan,27 July 2012,17:37:23
Admin,Masuk form pembelian,27 July 2012,17:37:24
Admin,Berhasil login.,27 July 2012,17:37:24
Admin,Keluar program,27 July 2012,17:37:32
Admin,Masuk form penjualan,27 July 2012,17:37:45
Admin,Masuk form pembelian,27 July 2012,17:37:46
Admin,Berhasil login.,27 July 2012,17:37:46
Admin,Keluar program,27 July 2012,17:38:48
Admin,Masuk form penjualan,27 July 2012,17:43:57
Admin,Masuk form pembelian,27 July 2012,17:43:57
Admin,Berhasil login.,27 July 2012,17:43:57
Admin,Masuk form barang,27 July 2012,17:44:49
Admin,Masuk form penjualan,27 July 2012,17:44:56
Admin,Masuk form pengambilan pengguna,27 July 2012,17:45:12
Admin,Masuk form penjualan,27 July 2012,17:45:19
Admin,Keluar program,27 July 2012,17:45:29
Admin,Masuk form penjualan,27 July 2012,17:46:13
Admin,Masuk form pembelian,27 July 2012,17:46:14
Admin,Berhasil login.,27 July 2012,17:46:14
Admin,Masuk form penjualan,27 July 2012,17:46:20
Admin,Keluar program,27 July 2012,17:46:32
Admin,Masuk form penjualan,27 July 2012,17:47:34
Admin,Masuk form pembelian,27 July 2012,17:47:34
Admin,Berhasil login.,27 July 2012,17:47:34
Admin,Keluar program,27 July 2012,17:47:40
Admin,Masuk form penjualan,27 July 2012,17:48:28
Admin,Masuk form pembelian,27 July 2012,17:48:29
Admin,Berhasil login.,27 July 2012,17:48:29
Admin,Masuk form penjualan,27 July 2012,17:48:33
Admin,Keluar program,27 July 2012,17:48:39
Admin,Masuk form penjualan,27 July 2012,17:49:16
Admin,Masuk form pembelian,27 July 2012,17:49:16
Admin,Berhasil login.,27 July 2012,17:49:16
Admin,Masuk form penjualan,27 July 2012,17:49:26
Admin,Keluar program,27 July 2012,17:49:31
Admin,Masuk form penjualan,27 July 2012,18:33:39
Admin,Masuk form pembelian,27 July 2012,18:33:39
Admin,Berhasil login.,27 July 2012,18:33:39
Admin,Masuk form pengambilan pengguna,27 July 2012,18:34:22
Admin,Keluar program,27 July 2012,18:34:33
Admin,Masuk form penjualan,27 July 2012,18:34:38
Admin,Masuk form pembelian,27 July 2012,18:34:39
Admin,Berhasil login.,27 July 2012,18:34:39
Admin,Masuk form penjualan,27 July 2012,18:34:46
Admin,Keluar program,27 July 2012,18:34:53
Admin,Masuk form penjualan,27 July 2012,18:35:50
Admin,Masuk form pembelian,27 July 2012,18:35:50
Admin,Berhasil login.,27 July 2012,18:35:50
Admin,Masuk form penjualan,27 July 2012,18:35:59
Admin,Keluar program,27 July 2012,18:36:08
Admin,Masuk form penjualan,27 July 2012,18:36:35
Admin,Masuk form pembelian,27 July 2012,18:36:35
Admin,Berhasil login.,27 July 2012,18:36:35
Admin,Keluar program,27 July 2012,18:36:42
Admin,Masuk form penjualan,27 July 2012,18:36:59
Admin,Masuk form pembelian,27 July 2012,18:37:00
Admin,Berhasil login.,27 July 2012,18:37:00
Admin,Masuk form penjualan,27 July 2012,18:37:09
Admin,Keluar program,27 July 2012,18:37:12
Admin,Masuk form penjualan,27 July 2012,18:38:27
Admin,Masuk form pembelian,27 July 2012,18:38:27
Admin,Berhasil login.,27 July 2012,18:38:27
Admin,Masuk form penjualan,27 July 2012,18:38:33
Admin,Keluar program,27 July 2012,18:38:36
Admin,Masuk form penjualan,27 July 2012,18:39:44
Admin,Masuk form pembelian,27 July 2012,18:39:46
Admin,Berhasil login.,27 July 2012,18:39:46
Admin,Keluar program,27 July 2012,18:39:47
Admin,Masuk form penjualan,27 July 2012,18:46:51
Admin,Masuk form pembelian,27 July 2012,18:46:53
Admin,Berhasil login.,27 July 2012,18:46:53
Admin,Masuk form penjualan,27 July 2012,18:46:59
Admin,Masuk form penjualan,27 July 2012,18:47:08
Admin,Keluar program,27 July 2012,18:47:10
Admin,Masuk form penjualan,27 July 2012,20:23:15
Admin,Masuk form pembelian,27 July 2012,20:23:15
Admin,Berhasil login.,27 July 2012,20:23:15
Admin,Keluar program,27 July 2012,20:23:56
Admin,Masuk form penjualan,27 July 2012,20:24:06
Admin,Masuk form pembelian,27 July 2012,20:24:06
Admin,Berhasil login.,27 July 2012,20:24:06
Admin,Keluar program,27 July 2012,20:24:20
Admin,Masuk form penjualan,27 July 2012,20:25:42
Admin,Masuk form pembelian,27 July 2012,20:25:42
Admin,Berhasil login.,27 July 2012,20:25:42
Admin,Keluar program,27 July 2012,20:26:04
Admin,Masuk form penjualan,27 July 2012,20:27:28
Admin,Masuk form pembelian,27 July 2012,20:27:29
Admin,Berhasil login.,27 July 2012,20:27:29
Admin,Keluar program,27 July 2012,20:27:52
Admin,Masuk form penjualan,27 July 2012,20:33:40
Admin,Masuk form pembelian,27 July 2012,20:33:40
Admin,Berhasil login.,27 July 2012,20:33:40
Admin,Keluar program,27 July 2012,20:34:22
Admin,Masuk form penjualan,27 July 2012,20:42:50
Admin,Masuk form pembelian,27 July 2012,20:42:50
Admin,Berhasil login.,27 July 2012,20:42:50
Admin,Keluar program,27 July 2012,20:44:26
Admin,Masuk form penjualan,27 July 2012,20:44:59
Admin,Masuk form pembelian,27 July 2012,20:44:59
Admin,Berhasil login.,27 July 2012,20:44:59
Admin,Masuk form penjualan,27 July 2012,20:46:05
Admin,Masuk form pembelian,27 July 2012,20:46:05
Admin,Berhasil login.,27 July 2012,20:46:05
Admin,Masuk form penjualan,27 July 2012,20:47:36
Admin,Masuk form pembelian,27 July 2012,20:47:36
Admin,Berhasil login.,27 July 2012,20:47:36
Admin,Keluar program,27 July 2012,20:48:00
Admin,Masuk form penjualan,27 July 2012,20:51:57
Admin,Masuk form pembelian,27 July 2012,20:51:57
Admin,Berhasil login.,27 July 2012,20:51:57
Admin,Masuk form penjualan,27 July 2012,20:53:07
Admin,Masuk form pembelian,27 July 2012,20:53:07
Admin,Berhasil login.,27 July 2012,20:53:07
Admin,Keluar program,27 July 2012,20:53:30
Admin,Masuk form penjualan,27 July 2012,20:54:13
Admin,Masuk form pembelian,27 July 2012,20:54:13
Admin,Berhasil login.,27 July 2012,20:54:13
Admin,Keluar program,27 July 2012,20:55:30
Admin,Masuk form penjualan,27 July 2012,20:56:40
Admin,Masuk form pembelian,27 July 2012,20:56:40
Admin,Berhasil login.,27 July 2012,20:56:40
Admin,Keluar program,27 July 2012,20:56:48
Admin,Masuk form penjualan,27 July 2012,20:58:33
Admin,Masuk form pembelian,27 July 2012,20:58:33
Admin,Berhasil login.,27 July 2012,20:58:34
Admin,Keluar program,27 July 2012,20:58:49
Admin,Masuk form penjualan,27 July 2012,20:59:26
Admin,Masuk form pembelian,27 July 2012,20:59:26
Admin,Berhasil login.,27 July 2012,20:59:26
Admin,Keluar program,27 July 2012,20:59:38
Admin,Masuk form penjualan,27 July 2012,21:00:22
Admin,Masuk form pembelian,27 July 2012,21:00:22
Admin,Berhasil login.,27 July 2012,21:00:22
Admin,Masuk form barang,27 July 2012,21:03:28
Admin,Keluar program,27 July 2012,21:03:34
Admin,Masuk form penjualan,27 July 2012,21:45:40
Admin,Masuk form pembelian,27 July 2012,21:45:40
Admin,Berhasil login.,27 July 2012,21:45:40
Admin,Keluar program,27 July 2012,21:45:50
Admin,Masuk form penjualan,27 July 2012,21:46:39
Admin,Masuk form pembelian,27 July 2012,21:46:39
Admin,Berhasil login.,27 July 2012,21:46:39
Admin,Keluar program,27 July 2012,21:46:50
Admin,Masuk form penjualan,31 July 2012,07:50:49
Admin,Masuk form pembelian,31 July 2012,07:50:49
Admin,Berhasil login.,31 July 2012,07:50:49
Admin,Masuk form barang,31 July 2012,07:50:49
Admin,Masuk form penjualan,31 July 2012,07:52:00
Admin,Masuk form pembelian,31 July 2012,07:52:00
Admin,Berhasil login.,31 July 2012,07:52:00
Admin,Masuk form pengambilan pengguna,31 July 2012,07:52:21
Admin,Keluar program,31 July 2012,07:52:31
Admin,Masuk form penjualan,31 July 2012,07:52:36
Admin,Masuk form pembelian,31 July 2012,07:52:37
Admin,Berhasil login.,31 July 2012,07:52:37
Admin,Masuk form penjualan,31 July 2012,07:52:41
Admin,Keluar program,31 July 2012,07:53:46
Admin,Masuk form penjualan,31 July 2012,07:55:26
Admin,Masuk form pembelian,31 July 2012,07:55:26
Admin,Berhasil login.,31 July 2012,07:55:26
Admin,Keluar program,31 July 2012,07:56:03
Admin,Masuk form penjualan,31 July 2012,07:57:55
Admin,Masuk form pembelian,31 July 2012,07:57:55
Admin,Berhasil login.,31 July 2012,07:57:55
Admin,Masuk form pengambilan pengguna,31 July 2012,07:57:57
Admin,Keluar program,31 July 2012,07:58:05
Admin,Masuk form penjualan,31 July 2012,07:58:13
Admin,Masuk form pembelian,31 July 2012,07:58:13
Admin,Berhasil login.,31 July 2012,07:58:13
Admin,Keluar program,31 July 2012,07:58:33
Admin,Masuk form penjualan,31 July 2012,07:58:45
Admin,Masuk form pembelian,31 July 2012,07:58:45
Admin,Berhasil login.,31 July 2012,07:58:45
Admin,Keluar program,31 July 2012,07:59:05
Admin,Masuk form penjualan,31 July 2012,07:59:45
Admin,Masuk form pembelian,31 July 2012,07:59:45
Admin,Berhasil login.,31 July 2012,07:59:45
Admin,Keluar program,31 July 2012,08:00:01
Admin,Masuk form penjualan,31 July 2012,12:44:03
Admin,Masuk form pembelian,31 July 2012,12:44:04
Admin,Berhasil login.,31 July 2012,12:44:04
Admin,Masuk form barang,31 July 2012,12:44:11
Admin,Keluar program,31 July 2012,12:44:38
Admin,Masuk form penjualan,31 July 2012,14:22:41
Admin,Masuk form pembelian,31 July 2012,14:22:41
Admin,Berhasil login.,31 July 2012,14:22:41
Admin,Keluar program,31 July 2012,14:22:46
Admin,Masuk form penjualan,31 July 2012,14:23:04
Admin,Masuk form pembelian,31 July 2012,14:23:04
Admin,Berhasil login.,31 July 2012,14:23:04
Admin,Keluar program,31 July 2012,14:23:07
Admin,Masuk form penjualan,31 July 2012,20:29:13
Admin,Masuk form pembelian,31 July 2012,20:29:13
Admin,Berhasil login.,31 July 2012,20:29:13
Admin,Keluar program,31 July 2012,20:30:12
Admin,Masuk form penjualan,31 July 2012,20:49:26
Admin,Masuk form pembelian,31 July 2012,20:49:26
Admin,Berhasil login.,31 July 2012,20:49:26
Admin,Keluar program,31 July 2012,20:49:34
Admin,Masuk form penjualan,31 July 2012,20:52:16
Admin,Masuk form pembelian,31 July 2012,20:52:17
Admin,Berhasil login.,31 July 2012,20:52:17
Admin,Masuk form penjualan,31 July 2012,20:55:09
Admin,Masuk form pembelian,31 July 2012,20:55:09
Admin,Berhasil login.,31 July 2012,20:55:09
Admin,Masuk form penjualan,31 July 2012,20:55:57
Admin,Masuk form pembelian,31 July 2012,20:55:57
Admin,Berhasil login.,31 July 2012,20:55:57
Admin,Keluar program,31 July 2012,20:56:39
Admin,Masuk form penjualan,01 August 2012,04:23:30
Admin,Masuk form pembelian,01 August 2012,04:23:30
Admin,Berhasil login.,01 August 2012,04:23:30
Admin,Masuk form penjualan,01 August 2012,04:24:31
Admin,Masuk form pembelian,01 August 2012,04:24:31
Admin,Berhasil login.,01 August 2012,04:24:31
Admin,Keluar program,01 August 2012,04:24:50
Admin,Masuk form penjualan,01 August 2012,04:29:50
Admin,Masuk form pembelian,01 August 2012,04:29:51
Admin,Berhasil login.,01 August 2012,04:29:51
Admin,Masuk form penjualan,02 August 2012,08:21:38
Admin,Masuk form pembelian,02 August 2012,08:21:38
Admin,Berhasil login.,02 August 2012,08:21:38
Admin,Masuk form penjualan,02 August 2012,08:22:03
Admin,Masuk form pembelian,02 August 2012,08:22:03
Admin,Berhasil login.,02 August 2012,08:22:03
Admin,Masuk form penjualan,02 August 2012,08:23:45
Admin,Masuk form pembelian,02 August 2012,08:23:45
Admin,Berhasil login.,02 August 2012,08:23:45
Admin,Masuk form penjualan,02 August 2012,08:25:18
Admin,Masuk form pembelian,02 August 2012,08:25:19
Admin,Berhasil login.,02 August 2012,08:25:19
Admin,Masuk form penjualan,02 August 2012,08:26:26
Admin,Masuk form pembelian,02 August 2012,08:26:26
Admin,Berhasil login.,02 August 2012,08:26:26
Admin,Masuk form penjualan,02 August 2012,08:27:45
Admin,Masuk form pembelian,02 August 2012,08:27:45
Admin,Berhasil login.,02 August 2012,08:27:45
Admin,Masuk form penjualan,02 August 2012,08:28:55
Admin,Masuk form pembelian,02 August 2012,08:28:55
Admin,Berhasil login.,02 August 2012,08:28:55
Admin,Masuk form penjualan,02 August 2012,08:31:11
Admin,Masuk form pembelian,02 August 2012,08:31:11
Admin,Berhasil login.,02 August 2012,08:31:11
Admin,Masuk form penjualan,02 August 2012,08:32:14
Admin,Masuk form pembelian,02 August 2012,08:32:14
Admin,Berhasil login.,02 August 2012,08:32:14
Admin,Masuk form penjualan,02 August 2012,08:34:06
Admin,Masuk form pembelian,02 August 2012,08:34:06
Admin,Berhasil login.,02 August 2012,08:34:06
Admin,Masuk form penjualan,02 August 2012,08:35:21
Admin,Masuk form pembelian,02 August 2012,08:35:21
Admin,Berhasil login.,02 August 2012,08:35:21
Admin,Masuk form penjualan,02 August 2012,08:35:37
Admin,Masuk form penjualan,02 August 2012,08:37:13
Admin,Masuk form pembelian,02 August 2012,08:37:13
Admin,Berhasil login.,02 August 2012,08:37:13
Admin,Masuk form penjualan,02 August 2012,08:38:58
Admin,Masuk form pembelian,02 August 2012,08:38:58
Admin,Berhasil login.,02 August 2012,08:38:58
Admin,Masuk form penjualan,02 August 2012,08:40:26
Admin,Masuk form pembelian,02 August 2012,08:40:26
Admin,Berhasil login.,02 August 2012,08:40:26
Admin,Masuk form penjualan,02 August 2012,08:42:59
Admin,Masuk form pembelian,02 August 2012,08:43:00
Admin,Berhasil login.,02 August 2012,08:43:00
Admin,Keluar program,02 August 2012,08:43:46
Admin,Masuk form penjualan,02 August 2012,08:48:29
Admin,Masuk form pembelian,02 August 2012,08:48:30
Admin,Berhasil login.,02 August 2012,08:48:30
Admin,Masuk form penjualan,02 August 2012,08:49:57
Admin,Masuk form pembelian,02 August 2012,08:49:57
Admin,Berhasil login.,02 August 2012,08:49:57
Admin,Keluar program,02 August 2012,08:50:28
Admin,Masuk form penjualan,02 August 2012,08:51:34
Admin,Masuk form pembelian,02 August 2012,08:51:35
Admin,Berhasil login.,02 August 2012,08:51:35
Admin,Masuk form pengambilan pengguna,02 August 2012,08:51:36
Admin,Keluar program,02 August 2012,08:51:45
Admin,Masuk form penjualan,02 August 2012,08:51:49
Admin,Masuk form pembelian,02 August 2012,08:51:50
Admin,Berhasil login.,02 August 2012,08:51:50
Admin,Keluar program,02 August 2012,08:52:29
Admin,Masuk form penjualan,02 August 2012,08:54:23
Admin,Masuk form pembelian,02 August 2012,08:54:23
Admin,Berhasil login.,02 August 2012,08:54:23
Admin,Keluar program,02 August 2012,08:54:56
Admin,Masuk form penjualan,02 August 2012,08:56:31
Admin,Masuk form pembelian,02 August 2012,08:56:32
Admin,Berhasil login.,02 August 2012,08:56:32
Admin,Keluar program,02 August 2012,08:56:49
Admin,Masuk form penjualan,02 August 2012,08:57:19
Admin,Masuk form pembelian,02 August 2012,08:57:20
Admin,Berhasil login.,02 August 2012,08:57:20
Admin,Keluar program,02 August 2012,08:57:41
Admin,Masuk form penjualan,02 August 2012,09:00:23
Admin,Masuk form pembelian,02 August 2012,09:00:23
Admin,Berhasil login.,02 August 2012,09:00:23
Admin,Keluar program,02 August 2012,09:00:40
Admin,Masuk form penjualan,02 August 2012,09:01:09
Admin,Masuk form pembelian,02 August 2012,09:01:09
Admin,Berhasil login.,02 August 2012,09:01:09
Admin,Keluar program,02 August 2012,09:01:30
Admin,Masuk form penjualan,02 August 2012,09:02:06
Admin,Masuk form pembelian,02 August 2012,09:02:06
Admin,Berhasil login.,02 August 2012,09:02:06
Admin,Keluar program,02 August 2012,09:02:28
Admin,Masuk form penjualan,02 August 2012,09:04:47
Admin,Masuk form pembelian,02 August 2012,09:04:47
Admin,Berhasil login.,02 August 2012,09:04:47
Admin,Keluar program,02 August 2012,09:05:12
Admin,Masuk form penjualan,02 August 2012,09:06:05
Admin,Masuk form pembelian,02 August 2012,09:06:05
Admin,Berhasil login.,02 August 2012,09:06:05
Admin,Keluar program,02 August 2012,09:06:23
Admin,Masuk form penjualan,02 August 2012,09:07:21
Admin,Masuk form pembelian,02 August 2012,09:07:21
Admin,Berhasil login.,02 August 2012,09:07:21
Admin,Keluar program,02 August 2012,09:09:23
Admin,Masuk form penjualan,02 August 2012,09:11:40
Admin,Masuk form pembelian,02 August 2012,09:11:40
Admin,Berhasil login.,02 August 2012,09:11:40
Admin,Keluar program,02 August 2012,09:12:10
Admin,Masuk form penjualan,02 August 2012,09:12:27
Admin,Masuk form pembelian,02 August 2012,09:12:27
Admin,Berhasil login.,02 August 2012,09:12:27
Admin,Keluar program,02 August 2012,09:13:08
Admin,Masuk form penjualan,02 August 2012,09:14:27
Admin,Masuk form pembelian,02 August 2012,09:14:27
Admin,Berhasil login.,02 August 2012,09:14:27
Admin,Masuk form barang,02 August 2012,09:14:54
Admin,Masuk form penjualan,02 August 2012,09:15:25
Admin,Keluar program,02 August 2012,09:16:57
Admin,Masuk form penjualan,02 August 2012,09:19:03
Admin,Masuk form pembelian,02 August 2012,09:19:03
Admin,Berhasil login.,02 August 2012,09:19:03
Admin,Keluar program,02 August 2012,09:19:05
Admin,Masuk form penjualan,02 August 2012,09:27:07
Admin,Masuk form pembelian,02 August 2012,09:27:07
Admin,Berhasil login.,02 August 2012,09:27:07
Admin,Masuk form penjualan,02 August 2012,09:27:35
Admin,Masuk form penjualan,02 August 2012,10:55:17
Admin,Masuk form pembelian,02 August 2012,10:55:17
Admin,Berhasil login.,02 August 2012,10:55:17
Admin,Masuk form penjualan,02 August 2012,10:56:17
Admin,Masuk form pembelian,02 August 2012,10:56:17
Admin,Berhasil login.,02 August 2012,10:56:17
Admin,Keluar program,02 August 2012,10:56:49
Admin,Masuk form penjualan,02 August 2012,10:57:38
Admin,Masuk form pembelian,02 August 2012,10:57:39
Admin,Berhasil login.,02 August 2012,10:57:39
Admin,Keluar program,02 August 2012,10:58:06
Admin,Masuk form penjualan,02 August 2012,11:00:04
Admin,Masuk form pembelian,02 August 2012,11:00:04
Admin,Berhasil login.,02 August 2012,11:00:04
Admin,Keluar program,02 August 2012,11:00:51
Admin,Masuk form penjualan,02 August 2012,11:08:23
Admin,Masuk form pembelian,02 August 2012,11:08:23
Admin,Berhasil login.,02 August 2012,11:08:23
Admin,Keluar program,02 August 2012,11:09:34
Admin,Masuk form penjualan,02 August 2012,11:11:12
Admin,Masuk form pembelian,02 August 2012,11:11:12
Admin,Berhasil login.,02 August 2012,11:11:12
Admin,Masuk form penjualan,02 August 2012,11:11:59
Admin,Masuk form pembelian,02 August 2012,11:11:59
Admin,Berhasil login.,02 August 2012,11:11:59
Admin,Keluar program,02 August 2012,11:12:57
Admin,Masuk form penjualan,02 August 2012,11:15:18
Admin,Masuk form pembelian,02 August 2012,11:15:18
Admin,Berhasil login.,02 August 2012,11:15:18
Admin,Keluar program,02 August 2012,11:15:36
Admin,Masuk form penjualan,02 August 2012,11:32:11
Admin,Masuk form pembelian,02 August 2012,11:32:12
Admin,Berhasil login.,02 August 2012,11:32:12
Admin,Masuk form penjualan,02 August 2012,11:32:56
Admin,Masuk form pembelian,02 August 2012,11:32:57
Admin,Berhasil login.,02 August 2012,11:32:57
Admin,Masuk form penjualan,02 August 2012,11:33:32
Admin,Masuk form pembelian,02 August 2012,11:33:32
Admin,Berhasil login.,02 August 2012,11:33:32
Admin,Keluar program,02 August 2012,11:33:51
Admin,Masuk form penjualan,02 August 2012,12:48:21
Admin,Masuk form pembelian,02 August 2012,12:48:21
Admin,Berhasil login.,02 August 2012,12:48:21
Admin,Keluar program,02 August 2012,12:48:42
Admin,Masuk form penjualan,02 August 2012,12:58:53
Admin,Masuk form pembelian,02 August 2012,12:58:53
Admin,Berhasil login.,02 August 2012,12:58:53
Admin,Masuk form penjualan,02 August 2012,12:59:46
Admin,Masuk form pembelian,02 August 2012,12:59:46
Admin,Berhasil login.,02 August 2012,12:59:46
Admin,Masuk form penjualan,02 August 2012,13:00:29
Admin,Masuk form pembelian,02 August 2012,13:00:29
Admin,Berhasil login.,02 August 2012,13:00:29
Admin,Masuk form penjualan,02 August 2012,13:01:43
Admin,Masuk form pembelian,02 August 2012,13:01:43
Admin,Berhasil login.,02 August 2012,13:01:43
Admin,Keluar program,02 August 2012,13:03:38
Admin,Masuk form penjualan,02 August 2012,13:05:14
Admin,Masuk form pembelian,02 August 2012,13:05:15
Admin,Berhasil login.,02 August 2012,13:05:15
Admin,Masuk form penjualan,02 August 2012,13:05:36
Admin,Masuk form pembelian,02 August 2012,13:05:36
Admin,Berhasil login.,02 August 2012,13:05:36
Admin,Keluar program,02 August 2012,13:07:19
Admin,Masuk form penjualan,02 August 2012,13:07:57
Admin,Masuk form pembelian,02 August 2012,13:07:57
Admin,Berhasil login.,02 August 2012,13:07:57
Admin,Keluar program,02 August 2012,13:08:50
Admin,Masuk form penjualan,02 August 2012,13:09:56
Admin,Masuk form pembelian,02 August 2012,13:09:56
Admin,Berhasil login.,02 August 2012,13:09:56
Admin,Masuk form penjualan,02 August 2012,13:10:29
Admin,Masuk form pembelian,02 August 2012,13:10:29
Admin,Berhasil login.,02 August 2012,13:10:29
Admin,Keluar program,02 August 2012,13:12:13
Admin,Masuk form penjualan,02 August 2012,13:13:08
Admin,Masuk form pembelian,02 August 2012,13:13:08
Admin,Berhasil login.,02 August 2012,13:13:08
Admin,Keluar program,02 August 2012,13:13:35
Admin,Masuk form penjualan,02 August 2012,13:14:23
Admin,Masuk form pembelian,02 August 2012,13:14:24
Admin,Berhasil login.,02 August 2012,13:14:24
Admin,Keluar program,02 August 2012,13:14:58
Admin,Masuk form penjualan,02 August 2012,13:15:37
Admin,Masuk form pembelian,02 August 2012,13:15:37
Admin,Berhasil login.,02 August 2012,13:15:37
Admin,Masuk form pengambilan pengguna,02 August 2012,13:16:15
Admin,Keluar program,02 August 2012,13:16:24
Admin,Masuk form penjualan,02 August 2012,13:16:31
Admin,Masuk form pembelian,02 August 2012,13:16:31
Admin,Berhasil login.,02 August 2012,13:16:31
Admin,Keluar program,02 August 2012,13:18:46
Admin,Masuk form penjualan,02 August 2012,13:19:27
Admin,Masuk form pembelian,02 August 2012,13:19:27
Admin,Berhasil login.,02 August 2012,13:19:27
Admin,Keluar program,02 August 2012,13:19:58
Admin,Masuk form penjualan,02 August 2012,13:22:39
Admin,Masuk form pembelian,02 August 2012,13:22:40
Admin,Berhasil login.,02 August 2012,13:22:40
Admin,Masuk form penjualan,02 August 2012,13:23:03
Admin,Masuk form pembelian,02 August 2012,13:23:03
Admin,Berhasil login.,02 August 2012,13:23:03
Admin,Keluar program,02 August 2012,13:23:28
Admin,Masuk form penjualan,02 August 2012,13:24:42
Admin,Masuk form pembelian,02 August 2012,13:24:42
Admin,Berhasil login.,02 August 2012,13:24:42
Admin,Masuk form penjualan,02 August 2012,13:25:04
Admin,Masuk form pembelian,02 August 2012,13:25:04
Admin,Berhasil login.,02 August 2012,13:25:04
Admin,Keluar program,02 August 2012,13:26:06
Admin,Masuk form penjualan,02 August 2012,13:30:23
Admin,Masuk form pembelian,02 August 2012,13:30:23
Admin,Berhasil login.,02 August 2012,13:30:23
Admin,Keluar program,02 August 2012,13:31:18
Admin,Masuk form penjualan,02 August 2012,13:31:53
Admin,Masuk form pembelian,02 August 2012,13:31:53
Admin,Berhasil login.,02 August 2012,13:31:53
Admin,Masuk form penjualan,02 August 2012,13:32:22
Admin,Masuk form pembelian,02 August 2012,13:32:22
Admin,Berhasil login.,02 August 2012,13:32:22
Admin,Keluar program,02 August 2012,13:32:59
Admin,Masuk form penjualan,03 August 2012,04:16:38
Admin,Masuk form pembelian,03 August 2012,04:16:38
Admin,Berhasil login.,03 August 2012,04:16:38
Admin,Keluar program,03 August 2012,04:16:40
Admin,Masuk form penjualan,03 August 2012,04:19:37
Admin,Masuk form pembelian,03 August 2012,04:19:37
Admin,Berhasil login.,03 August 2012,04:19:37
Admin,Masuk form barang,03 August 2012,04:19:38
Admin,Masuk form penjualan,03 August 2012,13:05:46
Admin,Masuk form pembelian,03 August 2012,13:05:46
Admin,Berhasil login.,03 August 2012,13:05:46
Admin,Masuk form penjualan,03 August 2012,13:06:03
Admin,Masuk form penjualan,03 August 2012,13:06:10
Admin,Keluar program,03 August 2012,13:06:14
Admin,Masuk form penjualan,03 August 2012,13:19:45
Admin,Masuk form penjualan,03 August 2012,13:20:06
Admin,Masuk form pembelian,03 August 2012,13:20:06
Admin,Berhasil login.,03 August 2012,13:20:06
Admin,Masuk form penjualan,03 August 2012,13:21:09
Admin,Masuk form pembelian,03 August 2012,13:21:10
Admin,Berhasil login.,03 August 2012,13:21:10
Admin,Masuk form penjualan,03 August 2012,13:23:27
Admin,Masuk form pembelian,03 August 2012,13:23:28
Admin,Berhasil login.,03 August 2012,13:23:28
Admin,Masuk form penjualan,03 August 2012,13:27:49
Admin,Masuk form pembelian,03 August 2012,13:27:49
Admin,Berhasil login.,03 August 2012,13:27:49
Admin,Keluar program,03 August 2012,13:28:22
Admin,Masuk form penjualan,03 August 2012,13:28:34
Admin,Masuk form pembelian,03 August 2012,13:28:34
Admin,Berhasil login.,03 August 2012,13:28:34
Admin,Keluar program,03 August 2012,13:28:58
Admin,Masuk form penjualan,03 August 2012,13:29:07
Admin,Masuk form pembelian,03 August 2012,13:29:07
Admin,Berhasil login.,03 August 2012,13:29:07
Admin,Keluar program,03 August 2012,13:55:22
Admin,Masuk form penjualan,03 August 2012,15:09:49
Admin,Masuk form pembelian,03 August 2012,15:09:50
Admin,Berhasil login.,03 August 2012,15:09:50
Admin,Keluar program,03 August 2012,15:10:03
Admin,Masuk form penjualan,03 August 2012,15:15:01
Admin,Masuk form pembelian,03 August 2012,15:15:01
Admin,Berhasil login.,03 August 2012,15:15:01
Admin,Keluar program,03 August 2012,15:15:11
Admin,Masuk form penjualan,03 August 2012,15:16:28
Admin,Masuk form pembelian,03 August 2012,15:16:28
Admin,Berhasil login.,03 August 2012,15:16:28
Admin,Keluar program,03 August 2012,15:17:31
Admin,Masuk form penjualan,03 August 2012,15:18:22
Admin,Masuk form pembelian,03 August 2012,15:18:22
Admin,Berhasil login.,03 August 2012,15:18:22
Admin,Keluar program,03 August 2012,15:18:55
Admin,Masuk form penjualan,03 August 2012,15:19:48
Admin,Masuk form pembelian,03 August 2012,15:19:48
Admin,Berhasil login.,03 August 2012,15:19:48
Admin,Keluar program,03 August 2012,15:20:06
Admin,Masuk form penjualan,03 August 2012,15:20:22
Admin,Masuk form pembelian,03 August 2012,15:20:22
Admin,Berhasil login.,03 August 2012,15:20:22
Admin,Keluar program,03 August 2012,15:20:43
Admin,Masuk form penjualan,03 August 2012,15:21:33
Admin,Masuk form pembelian,03 August 2012,15:21:33
Admin,Berhasil login.,03 August 2012,15:21:33
Admin,Keluar program,03 August 2012,15:22:05
Admin,Masuk form penjualan,03 August 2012,15:22:28
Admin,Masuk form pembelian,03 August 2012,15:22:29
Admin,Berhasil login.,03 August 2012,15:22:29
Admin,Keluar program,03 August 2012,15:22:54
Admin,Masuk form penjualan,03 August 2012,15:23:14
Admin,Masuk form pembelian,03 August 2012,15:23:14
Admin,Berhasil login.,03 August 2012,15:23:14
Admin,Keluar program,03 August 2012,15:23:33
Admin,Masuk form penjualan,03 August 2012,15:25:26
Admin,Masuk form pembelian,03 August 2012,15:25:26
Admin,Berhasil login.,03 August 2012,15:25:26
Admin,Keluar program,03 August 2012,15:25:47
Admin,Masuk form penjualan,03 August 2012,15:26:25
Admin,Masuk form pembelian,03 August 2012,15:26:25
Admin,Berhasil login.,03 August 2012,15:26:25
Admin,Keluar program,03 August 2012,15:26:50
Admin,Masuk form penjualan,03 August 2012,15:27:00
Admin,Masuk form pembelian,03 August 2012,15:27:01
Admin,Berhasil login.,03 August 2012,15:27:01
Admin,Keluar program,03 August 2012,15:27:32
Admin,Masuk form penjualan,03 August 2012,15:27:46
Admin,Masuk form pembelian,03 August 2012,15:27:46
Admin,Berhasil login.,03 August 2012,15:27:46
Admin,Keluar program,03 August 2012,15:28:07
Admin,Masuk form penjualan,03 August 2012,15:28:52
Admin,Masuk form pembelian,03 August 2012,15:28:52
Admin,Berhasil login.,03 August 2012,15:28:52
Admin,Keluar program,03 August 2012,15:29:22
Admin,Masuk form penjualan,03 August 2012,15:32:09
Admin,Masuk form pembelian,03 August 2012,15:32:09
Admin,Berhasil login.,03 August 2012,15:32:09
Admin,Keluar program,03 August 2012,15:32:27
Admin,Masuk form penjualan,03 August 2012,15:32:45
Admin,Masuk form pembelian,03 August 2012,15:32:45
Admin,Berhasil login.,03 August 2012,15:32:45
Admin,Keluar program,03 August 2012,15:34:12
Admin,Masuk form penjualan,03 August 2012,15:35:53
Admin,Masuk form pembelian,03 August 2012,15:35:53
Admin,Berhasil login.,03 August 2012,15:35:53
Admin,Keluar program,03 August 2012,15:37:12
Admin,Masuk form penjualan,03 August 2012,15:55:53
Admin,Masuk form pembelian,03 August 2012,15:55:53
Admin,Berhasil login.,03 August 2012,15:55:53
Admin,Masuk form penjualan,03 August 2012,15:56:11
Admin,Masuk form pembelian,03 August 2012,15:56:11
Admin,Berhasil login.,03 August 2012,15:56:11
Admin,Keluar program,03 August 2012,15:56:24
Admin,Masuk form penjualan,03 August 2012,15:58:42
Admin,Masuk form pembelian,03 August 2012,15:58:43
Admin,Berhasil login.,03 August 2012,15:58:43
Admin,Keluar program,03 August 2012,15:59:31
Admin,Masuk form penjualan,03 August 2012,16:22:34
Admin,Masuk form pembelian,03 August 2012,16:22:34
Admin,Berhasil login.,03 August 2012,16:22:34
Admin,Masuk form penjualan,03 August 2012,16:23:09
Admin,Masuk form pembelian,03 August 2012,16:23:09
Admin,Berhasil login.,03 August 2012,16:23:09
Admin,Keluar program,03 August 2012,16:23:44
Admin,Masuk form penjualan,03 August 2012,16:26:10
Admin,Masuk form pembelian,03 August 2012,16:26:10
Admin,Berhasil login.,03 August 2012,16:26:10
Admin,Masuk form penjualan,03 August 2012,16:28:15
Admin,Masuk form pembelian,03 August 2012,16:28:16
Admin,Berhasil login.,03 August 2012,16:28:16
Admin,Keluar program,03 August 2012,16:28:37
Admin,Masuk form penjualan,03 August 2012,16:28:48
Admin,Masuk form pembelian,03 August 2012,16:28:48
Admin,Berhasil login.,03 August 2012,16:28:48
Admin,Keluar program,03 August 2012,16:29:10
Admin,Masuk form penjualan,03 August 2012,16:30:49
Admin,Masuk form pembelian,03 August 2012,16:30:49
Admin,Berhasil login.,03 August 2012,16:30:49
Admin,Masuk form penjualan,03 August 2012,16:46:18
Admin,Masuk form pembelian,03 August 2012,16:46:18
Admin,Berhasil login.,03 August 2012,16:46:18
Admin,Keluar program,03 August 2012,16:46:37
Admin,Masuk form penjualan,03 August 2012,16:46:57
Admin,Masuk form pembelian,03 August 2012,16:46:57
Admin,Berhasil login.,03 August 2012,16:46:57
Admin,Masuk form penjualan,03 August 2012,16:47:33
Admin,Masuk form pembelian,03 August 2012,16:47:33
Admin,Berhasil login.,03 August 2012,16:47:33
Admin,Keluar program,03 August 2012,16:51:20
Admin,Masuk form penjualan,03 August 2012,20:03:55
Admin,Masuk form pembelian,03 August 2012,20:03:56
Admin,Berhasil login.,03 August 2012,20:03:56
Admin,Keluar program,03 August 2012,20:06:47
admin,Masuk form penjualan,08 September 2012,06:29:11
admin,Masuk form pembelian,08 September 2012,06:29:12
admin,Berhasil login.,08 September 2012,06:29:12
admin,Masuk form penjualan,08 September 2012,06:56:30
admin,Masuk form pembelian,08 September 2012,06:56:30
admin,Berhasil login.,08 September 2012,06:56:30
admin,Keluar program,08 September 2012,06:56:45
