Admin,Masuk form barang,24 August 2013,10:32:07
Admin,Masuk form pembelian,24 August 2013,10:33:40
Admin,Masuk form penjualan,24 August 2013,11:06:38
Admin,Masuk form pembelian,24 August 2013,11:06:38
Admin,Berhasil login.,24 August 2013,11:06:38
Admin,Masuk form penjualan,29 August 2013,09:59:44
Admin,Masuk form pembelian,29 August 2013,09:59:45
Admin,Berhasil login.,29 August 2013,09:59:45
Admin,Masuk form penjualan,29 August 2013,10:01:44
Admin,Masuk form pembelian,29 August 2013,10:01:44
Admin,Berhasil login.,29 August 2013,10:01:44
Admin,Masuk form penjualan,29 August 2013,10:03:51
Admin,Masuk form pembelian,29 August 2013,10:03:52
Admin,Berhasil login.,29 August 2013,10:03:52
Admin,Masuk form penjualan,29 August 2013,16:08:14
Admin,Masuk form pembelian,29 August 2013,16:08:14
Admin,Berhasil login.,29 August 2013,16:08:14
Admin,Merubah password,29 August 2013,16:08:26
Admin,Masuk form penjualan,29 August 2013,16:08:34
Admin,Masuk form pembelian,29 August 2013,16:08:35
Admin,Berhasil login.,29 August 2013,16:08:35
Admin,Masuk form penjualan,29 August 2013,16:10:17
Admin,Masuk form pembelian,29 August 2013,16:10:17
Admin,Berhasil login.,29 August 2013,16:10:17
Admin,Masuk form penjualan,29 August 2013,16:11:13
Admin,Masuk form pembelian,29 August 2013,16:11:13
Admin,Berhasil login.,29 August 2013,16:11:13
Admin,Masuk form penjualan,29 August 2013,16:12:17
Admin,Masuk form pembelian,29 August 2013,16:12:18
Admin,Berhasil login.,29 August 2013,16:12:18
Admin,Masuk form penjualan,29 August 2013,16:16:46
Admin,Masuk form pembelian,29 August 2013,16:16:47
Admin,Berhasil login.,29 August 2013,16:16:47
Admin,Masuk form penjualan,29 August 2013,16:17:59
Admin,Masuk form pembelian,29 August 2013,16:18:00
Admin,Berhasil login.,29 August 2013,16:18:00
Admin,Masuk form penjualan,29 August 2013,16:19:58
Admin,Masuk form pembelian,29 August 2013,16:19:58
Admin,Berhasil login.,29 August 2013,16:19:58
Admin,Masuk form penjualan,29 August 2013,16:20:39
Admin,Masuk form pembelian,29 August 2013,16:20:39
Admin,Berhasil login.,29 August 2013,16:20:39
Admin,Masuk form penjualan,29 August 2013,16:22:02
Admin,Masuk form pembelian,29 August 2013,16:22:03
Admin,Berhasil login.,29 August 2013,16:22:03
Admin,Masuk form penjualan,29 August 2013,16:23:14
Admin,Masuk form pembelian,29 August 2013,16:23:14
Admin,Berhasil login.,29 August 2013,16:23:14
Admin,Masuk form penjualan,29 August 2013,16:23:44
Admin,Masuk form pembelian,29 August 2013,16:23:44
Admin,Berhasil login.,29 August 2013,16:23:45
Admin,Masuk form penjualan,29 August 2013,16:24:16
Admin,Masuk form pembelian,29 August 2013,16:24:16
Admin,Berhasil login.,29 August 2013,16:24:16
Admin,Masuk form penjualan,29 August 2013,16:26:35
Admin,Masuk form pembelian,29 August 2013,16:26:36
Admin,Berhasil login.,29 August 2013,16:26:36
Admin,Masuk form penjualan,29 August 2013,16:26:54
Admin,Masuk form pembelian,29 August 2013,16:26:54
Admin,Berhasil login.,29 August 2013,16:26:54
Admin,Masuk form penjualan,29 August 2013,16:27:14
Admin,Masuk form pembelian,29 August 2013,16:27:15
Admin,Berhasil login.,29 August 2013,16:27:15
Admin,Masuk form penjualan,29 August 2013,16:30:14
Admin,Masuk form pembelian,29 August 2013,16:30:14
Admin,Berhasil login.,29 August 2013,16:30:14
Admin,Masuk form penjualan,29 August 2013,16:30:47
Admin,Masuk form pembelian,29 August 2013,16:30:48
Admin,Berhasil login.,29 August 2013,16:30:48
Admin,Masuk form supplier,29 August 2013,16:30:49
Admin,Masuk form penjualan,29 August 2013,16:32:05
Admin,Masuk form pembelian,29 August 2013,16:32:06
Admin,Berhasil login.,29 August 2013,16:32:06
Admin,Masuk form penjualan,29 August 2013,16:34:37
Admin,Masuk form pembelian,29 August 2013,16:34:38
Admin,Berhasil login.,29 August 2013,16:34:38
Admin,Masuk form barang,29 August 2013,16:34:55
Admin,Masuk form penjualan,29 August 2013,17:34:20
Admin,Masuk form pembelian,29 August 2013,17:34:21
Admin,Berhasil login.,29 August 2013,17:34:21
Admin,Masuk form penjualan,29 August 2013,17:48:14
Admin,Masuk form pembelian,29 August 2013,17:48:15
Admin,Berhasil login.,29 August 2013,17:48:15
Admin,Masuk form penjualan,29 August 2013,17:49:01
Admin,Masuk form pembelian,29 August 2013,17:49:01
Admin,Berhasil login.,29 August 2013,17:49:01
Admin,Masuk form penjualan,29 August 2013,17:53:14
Admin,Masuk form pembelian,29 August 2013,17:53:15
Admin,Berhasil login.,29 August 2013,17:53:15
Admin,Masuk form penjualan,29 August 2013,18:35:45
Admin,Masuk form pembelian,29 August 2013,18:35:46
Admin,Berhasil login.,29 August 2013,18:35:46
Admin,Masuk form penjualan,29 August 2013,18:36:13
Admin,Masuk form pembelian,29 August 2013,18:36:13
Admin,Berhasil login.,29 August 2013,18:36:13
Admin,Masuk form penjualan,29 August 2013,18:36:59
Admin,Masuk form pembelian,29 August 2013,18:36:59
Admin,Berhasil login.,29 August 2013,18:36:59
Admin,Masuk form penjualan,29 August 2013,18:48:38
Admin,Masuk form pembelian,29 August 2013,18:48:38
Admin,Berhasil login.,29 August 2013,18:48:38
Admin,Masuk form penjualan,29 August 2013,18:49:34
Admin,Masuk form pembelian,29 August 2013,18:49:34
Admin,Berhasil login.,29 August 2013,18:49:34
Admin,Masuk form penjualan,29 August 2013,18:56:23
Admin,Masuk form pembelian,29 August 2013,18:56:24
Admin,Berhasil login.,29 August 2013,18:56:24
Admin,Masuk form penjualan,29 August 2013,18:58:11
Admin,Masuk form pembelian,29 August 2013,18:58:11
Admin,Berhasil login.,29 August 2013,18:58:11
Admin,Masuk form penjualan,29 August 2013,19:01:35
Admin,Masuk form pembelian,29 August 2013,19:01:35
Admin,Berhasil login.,29 August 2013,19:01:36
Admin,Masuk form penjualan,29 August 2013,19:02:08
Admin,Masuk form pembelian,29 August 2013,19:02:08
Admin,Berhasil login.,29 August 2013,19:02:08
Admin,Masuk form penjualan,29 August 2013,19:02:58
Admin,Masuk form pembelian,29 August 2013,19:02:58
Admin,Berhasil login.,29 August 2013,19:02:58
Admin,Masuk form penjualan,30 August 2013,10:26:37
Admin,Masuk form pembelian,30 August 2013,10:26:38
Admin,Berhasil login.,30 August 2013,10:26:38
Admin,Masuk form penjualan,30 August 2013,10:27:15
Admin,Masuk form pembelian,30 August 2013,10:27:15
Admin,Berhasil login.,30 August 2013,10:27:15
Admin,Masuk form penjualan,30 August 2013,10:27:52
Admin,Masuk form pembelian,30 August 2013,10:27:52
Admin,Berhasil login.,30 August 2013,10:27:52
Admin,Masuk form penjualan,30 August 2013,13:08:37
Admin,Masuk form pembelian,30 August 2013,13:08:38
Admin,Berhasil login.,30 August 2013,13:08:38
Admin,Masuk form penjualan,30 August 2013,13:11:35
Admin,Masuk form pembelian,30 August 2013,13:11:35
Admin,Berhasil login.,30 August 2013,13:11:35
Admin,Masuk form penjualan,30 August 2013,13:12:27
Admin,Masuk form pembelian,30 August 2013,13:12:27
Admin,Berhasil login.,30 August 2013,13:12:27
Admin,Masuk form barang,30 August 2013,13:12:52
Admin,Masuk form penjualan,30 August 2013,13:19:10
Admin,Masuk form pembelian,30 August 2013,13:19:10
Admin,Berhasil login.,30 August 2013,13:19:10
Admin,Masuk form barang,30 August 2013,13:19:11
Admin,Keluar program,30 August 2013,13:19:31
Admin,Masuk form penjualan,30 August 2013,13:20:12
Admin,Masuk form pembelian,30 August 2013,13:20:12
Admin,Berhasil login.,30 August 2013,13:20:12
Admin,Masuk form penjualan,30 August 2013,13:20:26
Admin,Masuk form pembelian,30 August 2013,13:20:27
Admin,Berhasil login.,30 August 2013,13:20:27
Admin,Masuk form barang,30 August 2013,13:20:27
Admin,Masuk form penjualan,30 August 2013,13:21:01
Admin,Masuk form pembelian,30 August 2013,13:21:01
Admin,Berhasil login.,30 August 2013,13:21:01
Admin,Masuk form barang,30 August 2013,13:21:02
Admin,Masuk form penjualan,30 August 2013,13:21:32
Admin,Masuk form pembelian,30 August 2013,13:21:32
Admin,Berhasil login.,30 August 2013,13:21:32
Admin,Masuk form barang,30 August 2013,13:21:33
Admin,Masuk form penjualan,30 August 2013,13:22:06
Admin,Masuk form pembelian,30 August 2013,13:22:07
Admin,Berhasil login.,30 August 2013,13:22:07
Admin,Masuk form barang,30 August 2013,13:22:07
Admin,Masuk form penjualan,30 August 2013,13:22:37
Admin,Masuk form pembelian,30 August 2013,13:22:37
Admin,Berhasil login.,30 August 2013,13:22:37
Admin,Masuk form barang,30 August 2013,13:22:38
Admin,Masuk form penjualan,30 August 2013,13:23:01
Admin,Masuk form pembelian,30 August 2013,13:23:02
Admin,Berhasil login.,30 August 2013,13:23:02
Admin,Masuk form barang,30 August 2013,13:23:02
Admin,Masuk form penjualan,30 August 2013,13:23:35
Admin,Masuk form pembelian,30 August 2013,13:23:35
Admin,Berhasil login.,30 August 2013,13:23:35
Admin,Masuk form barang,30 August 2013,13:23:37
Admin,Masuk form penjualan,30 August 2013,13:24:02
Admin,Masuk form pembelian,30 August 2013,13:24:02
Admin,Berhasil login.,30 August 2013,13:24:02
Admin,Masuk form barang,30 August 2013,13:24:03
Admin,Masuk form penjualan,30 August 2013,13:24:37
Admin,Masuk form pembelian,30 August 2013,13:24:37
Admin,Berhasil login.,30 August 2013,13:24:37
Admin,Masuk form barang,30 August 2013,13:24:39
Admin,Masuk form penjualan,30 August 2013,13:25:15
Admin,Masuk form pembelian,30 August 2013,13:25:15
Admin,Berhasil login.,30 August 2013,13:25:15
Admin,Masuk form barang,30 August 2013,13:25:16
Admin,Masuk form barang,30 August 2013,13:25:29
Admin,Masuk form barang,30 August 2013,13:25:36
Admin,Masuk form Pelanggan,30 August 2013,13:25:40
Admin,Masuk form penjualan,30 August 2013,13:26:09
Admin,Masuk form pembelian,30 August 2013,13:26:09
Admin,Berhasil login.,30 August 2013,13:26:09
Admin,Masuk form barang,30 August 2013,13:26:10
Admin,Masuk form penjualan,30 August 2013,13:26:46
Admin,Masuk form pembelian,30 August 2013,13:26:46
Admin,Berhasil login.,30 August 2013,13:26:46
Admin,Masuk form barang,30 August 2013,13:26:47
Admin,Masuk form penjualan,30 August 2013,13:27:19
Admin,Masuk form pembelian,30 August 2013,13:27:20
Admin,Berhasil login.,30 August 2013,13:27:20
Admin,Masuk form barang,30 August 2013,13:27:20
Admin,Masuk form penjualan,30 August 2013,13:27:46
Admin,Masuk form pembelian,30 August 2013,13:27:47
Admin,Berhasil login.,30 August 2013,13:27:47
Admin,Masuk form barang,30 August 2013,13:27:47
Admin,Masuk form penjualan,30 August 2013,13:28:10
Admin,Masuk form pembelian,30 August 2013,13:28:11
Admin,Berhasil login.,30 August 2013,13:28:11
Admin,Masuk form barang,30 August 2013,13:28:11
Admin,Masuk form penjualan,30 August 2013,13:29:39
Admin,Masuk form pembelian,30 August 2013,13:29:39
Admin,Berhasil login.,30 August 2013,13:29:39
Admin,Masuk form barang,30 August 2013,13:29:40
Admin,Masuk form barang,30 August 2013,13:30:02
Admin,Masuk form penjualan,30 August 2013,15:28:53
Admin,Masuk form pembelian,30 August 2013,15:28:54
Admin,Berhasil login.,30 August 2013,15:28:54
Admin,Masuk form penjualan,30 August 2013,15:30:48
Admin,Masuk form pembelian,30 August 2013,15:30:48
Admin,Berhasil login.,30 August 2013,15:30:48
Admin,Masuk form penjualan,30 August 2013,15:34:24
Admin,Masuk form pembelian,30 August 2013,15:34:24
Admin,Berhasil login.,30 August 2013,15:34:24
Admin,Masuk form penjualan,30 August 2013,15:34:44
Admin,Masuk form pembelian,30 August 2013,15:34:45
Admin,Berhasil login.,30 August 2013,15:34:45
Admin,Masuk form penjualan,30 August 2013,15:35:09
Admin,Masuk form pembelian,30 August 2013,15:35:09
Admin,Berhasil login.,30 August 2013,15:35:09
Admin,Berhasil login.,30 August 2013,15:37:07
Admin,Berhasil login.,30 August 2013,15:38:26
Admin,Berhasil login.,30 August 2013,15:40:26
Admin,Berhasil login.,30 August 2013,15:40:38
Admin,Berhasil login.,30 August 2013,15:42:27
Admin,Masuk form penjualan,30 August 2013,15:42:28
Admin,Berhasil login.,30 August 2013,15:42:43
Admin,Berhasil login.,30 August 2013,15:42:51
Admin,Berhasil login.,30 August 2013,16:06:05
Admin,Berhasil login.,30 August 2013,16:10:18
Admin,Masuk form penjualan,30 August 2013,16:10:20
Admin,Masuk form penjualan,30 August 2013,16:10:51
Admin,Masuk form penjualan,30 August 2013,16:10:54
Admin,Masuk form pembelian,30 August 2013,16:11:11
Admin,Masuk form barang,30 August 2013,16:11:16
Admin,Berhasil login.,30 August 2013,16:12:31
Admin,Masuk form barang,30 August 2013,16:12:32
Admin,Masuk form penjualan,30 August 2013,16:12:46
Admin,Masuk form pembelian,30 August 2013,16:13:18
Admin,Masuk form penjualan,30 August 2013,16:13:39
Admin,Berhasil login.,30 August 2013,16:15:48
Admin,Masuk form penjualan,30 August 2013,16:15:49
Admin,Berhasil login.,30 August 2013,16:17:03
Admin,Masuk form penjualan,30 August 2013,16:17:05
Admin,Berhasil login.,30 August 2013,16:17:47
Admin,Masuk form penjualan,30 August 2013,16:17:47
Admin,Masuk form barang,30 August 2013,16:18:21
Admin,Masuk form supplier,30 August 2013,16:18:40
Admin,Masuk form penjualan,30 August 2013,16:18:44
Admin,Masuk form pembelian,30 August 2013,16:18:51
Admin,Masuk form penjualan,05 September 2013,07:39:07
Admin,Masuk form pembelian,05 September 2013,07:39:08
Admin,Berhasil login.,05 September 2013,07:39:08
Admin,Masuk form barang,05 September 2013,07:39:16
Admin,Masuk form penjualan,05 September 2013,07:41:18
Admin,Masuk form penjualan,05 September 2013,07:42:47
Admin,Masuk form pembelian,05 September 2013,07:42:47
Admin,Berhasil login.,05 September 2013,07:42:47
Admin,Berhasil login.,05 September 2013,07:44:10
Admin,Masuk form penjualan,05 September 2013,07:44:26
Admin,Masuk form barang,05 September 2013,07:44:28
Admin,Masuk form penjualan,05 September 2013,07:45:10
Admin,Berhasil login.,05 September 2013,07:48:22
Admin,Masuk form barang,05 September 2013,07:48:33
Admin,Masuk form penjualan,05 September 2013,07:48:38
Admin,Masuk form penjualan,05 September 2013,07:48:45
Admin,Masuk form penjualan,05 September 2013,07:48:50
Admin,Masuk form pembelian,05 September 2013,07:48:54
Admin,Masuk form penjualan,05 September 2013,07:48:59
Admin,Masuk form penjualan,05 September 2013,07:49:44
Admin,Masuk form barang,05 September 2013,07:50:15
Admin,Masuk form barang,05 September 2013,07:50:48
Admin,Berhasil login.,05 September 2013,08:03:24
Admin,Masuk form penjualan,05 September 2013,08:03:28
Admin,Masuk form barang,05 September 2013,08:04:42
Admin,Masuk form barang,05 September 2013,08:06:10
Admin,Masuk form barang,05 September 2013,08:07:27
Admin,Masuk form penjualan,05 September 2013,08:07:31
Admin,Berhasil login.,05 September 2013,08:38:04
Admin,Masuk form barang,05 September 2013,08:38:10
Admin,Berhasil login.,05 September 2013,08:39:02
Admin,Masuk form barang,05 September 2013,08:39:11
Admin,Masuk form penjualan,05 September 2013,08:48:00
Admin,Masuk form pengambilan pengguna,05 September 2013,08:58:37
Admin,Masuk form pembelian,05 September 2013,09:01:18
Admin,Masuk form pembelian,05 September 2013,09:01:29
Admin,Masuk form supplier,05 September 2013,09:01:43
Admin,Masuk form pembelian,05 September 2013,09:01:52
Admin,Berhasil login.,05 September 2013,10:52:57
Admin,Berhasil login.,05 September 2013,10:53:43
Admin,Masuk form penjualan,05 September 2013,10:53:46
Admin,Berhasil login.,05 January 2014,07:32:19
Admin,Masuk form barang,05 January 2014,07:32:21
