Admin,Keluar program,02 September 2012,09:32:07
Admin,Masuk form penjualan,02 September 2012,09:32:42
Admin,Masuk form pembelian,02 September 2012,09:32:43
Admin,Berhasil login.,02 September 2012,09:32:43
Admin,Masuk form barang,02 September 2012,09:32:50
Admin,Masuk form penjualan,02 September 2012,09:33:52
Admin,Masuk form pembelian,02 September 2012,09:33:52
Admin,Berhasil login.,02 September 2012,09:33:52
Admin,Masuk form pengambilan pengguna,02 September 2012,09:33:56
Admin,Masuk form barang,02 September 2012,09:34:04
Admin,Keluar program,02 September 2012,09:35:00
Admin,Masuk form penjualan,02 September 2012,09:35:19
Admin,Masuk form pembelian,02 September 2012,09:35:20
Admin,Berhasil login.,02 September 2012,09:35:20
Admin,Masuk form pembelian,02 September 2012,09:35:43
Admin,Masuk form penjualan,02 September 2012,09:35:53
Admin,Masuk form Pelanggan,02 September 2012,09:36:43
Admin,Masuk form supplier,02 September 2012,09:36:48
Admin,Masuk form supplier,02 September 2012,09:38:02
Admin,Masuk form penjualan,02 September 2012,09:38:30
Admin,Masuk form Pelanggan,02 September 2012,09:38:36
Admin,Masuk form penjualan,02 September 2012,09:39:18
Admin,Masuk form pembelian,02 September 2012,09:39:19
Admin,Berhasil login.,02 September 2012,09:39:19
Admin,Masuk form penjualan,02 September 2012,09:39:38
Admin,Masuk form pembelian,02 September 2012,09:39:39
Admin,Berhasil login.,02 September 2012,09:39:39
Admin,Masuk form barang,02 September 2012,09:39:40
Admin,Keluar program,02 September 2012,09:39:48
Admin,Masuk form penjualan,02 September 2012,09:40:23
Admin,Masuk form pembelian,02 September 2012,09:40:24
Admin,Berhasil login.,02 September 2012,09:40:24
Admin,Masuk form barang,02 September 2012,09:40:25
Admin,Keluar program,02 September 2012,09:40:46
Admin,Masuk form penjualan,02 September 2012,09:41:14
Admin,Masuk form pembelian,02 September 2012,09:41:15
Admin,Berhasil login.,02 September 2012,09:41:15
Admin,Masuk form barang,02 September 2012,09:41:15
Admin,Masuk form barang,02 September 2012,09:41:26
Admin,Keluar program,02 September 2012,09:41:32
Admin,Masuk form penjualan,02 September 2012,09:41:51
Admin,Masuk form pembelian,02 September 2012,09:41:52
Admin,Berhasil login.,02 September 2012,09:41:52
Admin,Masuk form barang,02 September 2012,09:41:57
Admin,Masuk form barang,02 September 2012,09:42:02
Admin,Keluar program,02 September 2012,09:42:26
Admin,Masuk form penjualan,02 September 2012,09:42:34
Admin,Masuk form pembelian,02 September 2012,09:42:35
Admin,Berhasil login.,02 September 2012,09:42:35
Admin,Masuk form barang,02 September 2012,09:42:35
Admin,Keluar program,02 September 2012,09:42:42
Admin,Masuk form penjualan,02 September 2012,09:43:04
Admin,Masuk form pembelian,02 September 2012,09:43:04
Admin,Berhasil login.,02 September 2012,09:43:04
Admin,Masuk form barang,02 September 2012,09:43:05
Admin,Keluar program,02 September 2012,09:43:16
Admin,Masuk form penjualan,02 September 2012,09:43:57
Admin,Masuk form pembelian,02 September 2012,09:43:58
Admin,Berhasil login.,02 September 2012,09:43:58
Admin,Masuk form barang,02 September 2012,09:43:59
Admin,Masuk form barang,02 September 2012,09:45:08
Admin,Masuk form supplier,02 September 2012,09:45:37
Admin,Keluar program,02 September 2012,09:45:41
Admin,Masuk form penjualan,02 September 2012,15:00:36
Admin,Masuk form pembelian,02 September 2012,15:00:38
Admin,Berhasil login.,02 September 2012,15:00:38
Admin,Masuk form Pelanggan,02 September 2012,15:02:35
Admin,Keluar program,02 September 2012,15:02:40
Admin,Masuk form penjualan,02 September 2012,17:22:53
Admin,Masuk form pembelian,02 September 2012,17:22:55
Admin,Berhasil login.,02 September 2012,17:22:55
Admin,Masuk form penjualan,02 September 2012,17:23:58
Admin,Keluar program,02 September 2012,17:24:46
Admin,Masuk form penjualan,02 September 2012,17:25:25
Admin,Masuk form pembelian,02 September 2012,17:25:27
Admin,Berhasil login.,02 September 2012,17:25:27
Admin,Masuk form penjualan,02 September 2012,17:29:35
Admin,Masuk form pembelian,02 September 2012,17:29:37
Admin,Berhasil login.,02 September 2012,17:29:37
Admin,Keluar program,02 September 2012,17:30:57
Admin,Masuk form penjualan,02 September 2012,17:32:14
Admin,Masuk form pembelian,02 September 2012,17:32:16
Admin,Berhasil login.,02 September 2012,17:32:16
Admin,Masuk form barang,02 September 2012,17:33:18
Admin,Masuk form penjualan,06 September 2012,13:57:50
Admin,Masuk form pembelian,06 September 2012,13:57:51
Admin,Berhasil login.,06 September 2012,13:57:51
Admin,Keluar program,06 September 2012,13:58:22
Admin,Masuk form penjualan,06 September 2012,13:59:20
Admin,Masuk form pembelian,06 September 2012,13:59:21
Admin,Berhasil login.,06 September 2012,13:59:21
Admin,Keluar program,06 September 2012,13:59:38
Admin,Masuk form penjualan,07 September 2012,10:07:17
Admin,Masuk form pembelian,07 September 2012,10:07:18
Admin,Berhasil login.,07 September 2012,10:07:18
Admin,Keluar program,07 September 2012,10:07:20
Admin,Masuk form penjualan,07 September 2012,12:52:11
Admin,Masuk form pembelian,07 September 2012,12:52:13
Admin,Berhasil login.,07 September 2012,12:52:13
Admin,Keluar program,07 September 2012,12:53:43
Admin,Masuk form penjualan,07 September 2012,12:54:04
Admin,Masuk form pembelian,07 September 2012,12:54:05
Admin,Berhasil login.,07 September 2012,12:54:05
Admin,Masuk form penjualan,07 September 2012,12:55:59
Admin,Masuk form pembelian,07 September 2012,12:56:00
Admin,Berhasil login.,07 September 2012,12:56:00
Admin,Masuk form penjualan,07 September 2012,13:01:50
Admin,Masuk form pembelian,07 September 2012,13:01:52
Admin,Berhasil login.,07 September 2012,13:01:52
Admin,Keluar program,07 September 2012,13:02:16
Admin,Masuk form penjualan,07 September 2012,13:10:56
Admin,Masuk form pembelian,07 September 2012,13:10:57
Admin,Berhasil login.,07 September 2012,13:10:57
Admin,Keluar program,07 September 2012,13:11:10
Admin,Masuk form penjualan,07 September 2012,13:26:52
Admin,Masuk form pembelian,07 September 2012,13:26:53
Admin,Berhasil login.,07 September 2012,13:26:53
Admin,Keluar program,07 September 2012,13:27:57
Admin,Masuk form penjualan,07 September 2012,13:29:42
Admin,Masuk form pembelian,07 September 2012,13:29:43
Admin,Berhasil login.,07 September 2012,13:29:43
Admin,Keluar program,07 September 2012,13:30:16
Admin,Masuk form penjualan,07 September 2012,16:24:27
Admin,Masuk form pembelian,07 September 2012,16:24:28
Admin,Berhasil login.,07 September 2012,16:24:28
Admin,Masuk form penjualan,07 September 2012,16:25:07
Admin,Masuk form barang,07 September 2012,16:28:27
Admin,Keluar program,07 September 2012,16:31:30
Admin,Masuk form penjualan,07 September 2012,16:33:33
Admin,Masuk form pembelian,07 September 2012,16:33:34
Admin,Berhasil login.,07 September 2012,16:33:34
Admin,Masuk form pengambilan pengguna,07 September 2012,16:33:37
Admin,Masuk form barang,07 September 2012,16:34:52
Admin,Keluar program,07 September 2012,16:35:54
Admin,Masuk form penjualan,07 September 2012,16:36:45
Admin,Masuk form pembelian,07 September 2012,16:36:45
Admin,Berhasil login.,07 September 2012,16:36:45
Admin,Masuk form barang,07 September 2012,16:36:47
Admin,Keluar program,07 September 2012,16:39:22
Admin,Masuk form penjualan,08 September 2012,06:24:38
Admin,Masuk form pembelian,08 September 2012,06:24:39
Admin,Berhasil login.,08 September 2012,06:24:39
Admin,Masuk form penjualan,08 September 2012,06:25:09
Admin,Masuk form penjualan,08 September 2012,06:25:19
Admin,Masuk form penjualan,08 September 2012,06:25:31
Admin,Masuk form penjualan,08 September 2012,06:27:13
Admin,Masuk form penjualan,08 September 2012,06:27:29
Admin,Keluar program,08 September 2012,06:28:20
Admin,Masuk form penjualan,08 September 2012,06:57:03
Admin,Masuk form pembelian,08 September 2012,06:57:04
Admin,Berhasil login.,08 September 2012,06:57:04
Admin,Keluar program,08 September 2012,06:57:14
Admin,Masuk form penjualan,09 September 2012,12:43:33
Admin,Masuk form pembelian,09 September 2012,12:43:35
Admin,Berhasil login.,09 September 2012,12:43:35
Admin,Keluar program,09 September 2012,13:50:15
Admin,Masuk form penjualan,09 September 2012,15:51:04
Admin,Masuk form pembelian,09 September 2012,15:51:05
Admin,Berhasil login.,09 September 2012,15:51:05
Admin,Masuk form barang,09 September 2012,15:51:07
Admin,Masuk form penjualan,09 September 2012,16:03:02
Admin,Masuk form pembelian,09 September 2012,16:03:03
Admin,Berhasil login.,09 September 2012,16:03:03
Admin,Masuk form barang,09 September 2012,16:03:04
Admin,Masuk form Pelanggan,09 September 2012,16:04:08
Admin,Keluar program,09 September 2012,16:04:39
Admin,Masuk form penjualan,10 September 2012,14:07:25
Admin,Masuk form pembelian,10 September 2012,14:07:27
Admin,Berhasil login.,10 September 2012,14:07:27
Admin,Masuk form barang,10 September 2012,14:08:23
Admin,Keluar program,10 September 2012,14:08:51
Admin,Masuk form penjualan,11 September 2012,09:05:21
Admin,Masuk form pembelian,11 September 2012,09:05:23
Admin,Berhasil login.,11 September 2012,09:05:23
Admin,Masuk form barang,11 September 2012,09:08:34
Admin,Masuk form penjualan,11 September 2012,09:10:37
Admin,Masuk form barang,11 September 2012,09:13:16
Admin,Keluar program,11 September 2012,09:15:07
Admin,Masuk form penjualan,12 September 2012,05:11:26
Admin,Masuk form pembelian,12 September 2012,05:11:27
Admin,Berhasil login.,12 September 2012,05:11:27
Admin,Masuk form Pelanggan,12 September 2012,05:11:27
Admin,Masuk form penjualan,12 September 2012,05:19:10
Admin,Masuk form pembelian,12 September 2012,05:19:11
Admin,Berhasil login.,12 September 2012,05:19:11
Admin,Masuk form Pelanggan,12 September 2012,05:19:12
Admin,Keluar program,12 September 2012,05:19:18
Admin,Masuk form penjualan,12 September 2012,05:21:04
Admin,Masuk form pembelian,12 September 2012,05:21:05
Admin,Berhasil login.,12 September 2012,05:21:05
Admin,Masuk form Pelanggan,12 September 2012,05:21:05
Admin,Masuk form penjualan,12 September 2012,05:21:31
Admin,Masuk form pembelian,12 September 2012,05:21:31
Admin,Berhasil login.,12 September 2012,05:21:31
Admin,Masuk form Pelanggan,12 September 2012,05:21:31
Admin,Masuk form penjualan,12 September 2012,05:21:43
Admin,Masuk form pembelian,12 September 2012,05:21:44
Admin,Berhasil login.,12 September 2012,05:21:44
Admin,Masuk form Pelanggan,12 September 2012,05:21:45
Admin,Masuk form penjualan,12 September 2012,05:22:03
Admin,Masuk form pembelian,12 September 2012,05:22:04
Admin,Berhasil login.,12 September 2012,05:22:04
Admin,Masuk form Pelanggan,12 September 2012,05:22:09
Admin,Masuk form penjualan,12 September 2012,05:59:33
Admin,Masuk form penjualan,12 September 2012,06:05:17
Admin,Masuk form penjualan,12 September 2012,06:22:40
Admin,Masuk form pembelian,12 September 2012,06:22:41
Admin,Berhasil login.,12 September 2012,06:22:41
Admin,Keluar program,12 September 2012,06:22:55
Admin,Masuk form penjualan,12 September 2012,06:23:50
Admin,Masuk form pembelian,12 September 2012,06:23:51
Admin,Berhasil login.,12 September 2012,06:23:51
Admin,Keluar program,12 September 2012,06:24:51
Admin,Masuk form penjualan,12 September 2012,06:25:13
Admin,Masuk form pembelian,12 September 2012,06:25:14
Admin,Berhasil login.,12 September 2012,06:25:14
Admin,Keluar program,12 September 2012,06:25:25
Admin,Masuk form penjualan,12 September 2012,06:31:35
Admin,Masuk form pembelian,12 September 2012,06:31:36
Admin,Berhasil login.,12 September 2012,06:31:36
Admin,Masuk form penjualan,12 September 2012,08:04:22
Admin,Masuk form pembelian,12 September 2012,08:04:23
Admin,Berhasil login.,12 September 2012,08:04:23
Admin,Keluar program,12 September 2012,08:04:31
Admin,Masuk form penjualan,25 September 2012,13:58:59
Admin,Masuk form pembelian,25 September 2012,13:59:00
Admin,Berhasil login.,25 September 2012,13:59:01
Admin,Masuk form pengambilan pengguna,25 September 2012,13:59:17
Admin,Keluar program,25 September 2012,13:59:50
Admin,Masuk form penjualan,25 September 2012,13:59:55
Admin,Masuk form pembelian,25 September 2012,13:59:56
Admin,Berhasil login.,25 September 2012,13:59:56
Admin,Keluar program,25 September 2012,14:00:38
Admin,Masuk form penjualan,26 September 2012,05:12:17
Admin,Masuk form pembelian,26 September 2012,05:12:18
Admin,Berhasil login.,26 September 2012,05:12:18
Admin,Keluar program,26 September 2012,05:12:18
Admin,Masuk form penjualan,26 September 2012,05:12:25
Admin,Masuk form pembelian,26 September 2012,05:12:26
Admin,Berhasil login.,26 September 2012,05:12:26
Admin,Keluar program,26 September 2012,05:12:27
Admin,Masuk form penjualan,26 September 2012,05:36:44
Admin,Masuk form pembelian,26 September 2012,05:36:45
Admin,Berhasil login.,26 September 2012,05:36:45
Admin,Masuk form pengambilan pengguna,26 September 2012,05:36:53
Admin,Masuk form penjualan,26 September 2012,19:18:31
Admin,Masuk form pembelian,26 September 2012,19:18:33
Admin,Berhasil login.,26 September 2012,19:18:33
Admin,Masuk form pembelian,26 September 2012,19:19:36
Admin,Keluar program,26 September 2012,19:19:44
Admin,Masuk form penjualan,26 September 2012,19:20:57
Admin,Masuk form pembelian,26 September 2012,19:20:58
Admin,Berhasil login.,26 September 2012,19:20:58
Admin,Keluar program,26 September 2012,19:21:02
Admin,Masuk form penjualan,26 September 2012,19:21:37
Admin,Masuk form pembelian,26 September 2012,19:21:38
Admin,Berhasil login.,26 September 2012,19:21:38
Admin,Masuk form penjualan,26 September 2012,19:23:02
Admin,Keluar program,26 September 2012,19:24:30
Admin,Masuk form penjualan,26 September 2012,19:25:16
Admin,Masuk form pembelian,26 September 2012,19:25:16
Admin,Berhasil login.,26 September 2012,19:25:16
Admin,Masuk form penjualan,26 September 2012,19:25:36
Admin,Masuk form penjualan,26 September 2012,19:37:05
Admin,Masuk form pembelian,26 September 2012,19:37:06
Admin,Berhasil login.,26 September 2012,19:37:06
Admin,Masuk form penjualan,26 September 2012,19:38:28
Admin,Masuk form penjualan,26 September 2012,19:40:25
Admin,Keluar program,26 September 2012,19:44:38
Admin,Masuk form penjualan,26 September 2012,19:45:08
Admin,Masuk form pembelian,26 September 2012,19:45:09
Admin,Berhasil login.,26 September 2012,19:45:09
Admin,Masuk form penjualan,26 September 2012,19:46:45
Admin,Masuk form barang,26 September 2012,19:49:07
Admin,Masuk form pengambilan pengguna,26 September 2012,19:49:41
Admin,Keluar program,26 September 2012,19:50:01
Kasir,Masuk form penjualan,26 September 2012,19:50:09
Kasir,Masuk form pembelian,26 September 2012,19:50:09
Kasir,Berhasil login.,26 September 2012,19:50:09
Kasir,Masuk form penjualan,26 September 2012,19:50:35
Kasir,Masuk form pembelian,26 September 2012,19:53:42
Kasir,Masuk form penjualan,26 September 2012,19:55:05
Kasir,Masuk form penjualan,26 September 2012,19:55:42
Kasir,Masuk form penjualan,26 September 2012,19:56:30
Kasir,Keluar program,26 September 2012,19:56:44
Admin,Masuk form penjualan,26 September 2012,19:56:54
Admin,Masuk form pembelian,26 September 2012,19:56:55
Admin,Berhasil login.,26 September 2012,19:56:55
Admin,Masuk form pengambilan pengguna,26 September 2012,19:56:56
Admin,Masuk form Pelanggan,26 September 2012,19:57:29
Admin,Masuk form pengambilan pengguna,26 September 2012,19:57:53
Admin,Masuk form barang,26 September 2012,19:58:42
Admin,Masuk form penjualan,26 September 2012,20:00:28
Admin,Masuk form barang,26 September 2012,20:01:06
Admin,Masuk form penjualan,26 September 2012,20:01:47
Admin,Masuk form barang,26 September 2012,20:03:21
Admin,Masuk form pelanggan,26 September 2012,20:06:21
Admin,Masuk form barang,26 September 2012,20:06:26
Admin,Masuk form pembelian,26 September 2012,20:07:05
Admin,Masuk form supplier,26 September 2012,20:10:46
Admin,Masuk form Pelanggan,26 September 2012,20:10:51
Admin,Masuk form pembelian,26 September 2012,20:11:10
Admin,Masuk form penjualan,26 September 2012,20:16:42
Admin,Masuk form penjualan,26 September 2012,20:24:25
Admin,Masuk form penjualan,26 September 2012,20:27:46
Admin,Masuk form penjualan,26 September 2012,20:34:18
Admin,Masuk form pembelian,26 September 2012,20:34:19
Admin,Berhasil login.,26 September 2012,20:34:19
Admin,Masuk form pembelian,26 September 2012,20:34:36
Admin,Masuk form penjualan,26 September 2012,20:35:48
Admin,Masuk form penjualan,26 September 2012,20:37:21
Admin,Masuk form pengambilan pengguna,26 September 2012,20:40:30
Admin,Masuk form barang,26 September 2012,20:44:57
Admin,Masuk form penjualan,26 September 2012,20:53:16
Admin,Masuk form pembelian,26 September 2012,20:53:17
Admin,Berhasil login.,26 September 2012,20:53:17
Admin,Masuk form penjualan,26 September 2012,20:58:41
Admin,Masuk form barang,26 September 2012,20:59:08
Admin,Masuk form penjualan,26 September 2012,20:59:23
Admin,Keluar program,26 September 2012,21:17:49
Admin,Masuk form penjualan,27 September 2012,08:59:27
Admin,Masuk form pembelian,27 September 2012,08:59:28
Admin,Berhasil login.,27 September 2012,08:59:28
Admin,Masuk form barang,27 September 2012,08:59:35
Admin,Masuk form penjualan,27 September 2012,09:04:02
Admin,Masuk form pembelian,27 September 2012,09:04:02
Admin,Berhasil login.,27 September 2012,09:04:02
Admin,Masuk form barang,27 September 2012,09:04:04
Admin,Keluar program,27 September 2012,09:04:24
Admin,Masuk form penjualan,27 September 2012,09:04:49
Admin,Masuk form pembelian,27 September 2012,09:04:50
Admin,Berhasil login.,27 September 2012,09:04:50
Admin,Masuk form barang,27 September 2012,09:04:52
Admin,Keluar program,27 September 2012,09:05:01
Admin,Masuk form penjualan,27 September 2012,09:05:31
Admin,Masuk form pembelian,27 September 2012,09:05:32
Admin,Berhasil login.,27 September 2012,09:05:32
Admin,Masuk form barang,27 September 2012,09:05:33
Admin,Masuk form barang,27 September 2012,09:05:41
Admin,Masuk form penjualan,27 September 2012,09:06:41
Admin,Masuk form pembelian,27 September 2012,09:06:42
Admin,Berhasil login.,27 September 2012,09:06:42
Admin,Masuk form barang,27 September 2012,09:06:43
Admin,Keluar program,27 September 2012,09:07:42
Admin,Masuk form penjualan,27 September 2012,09:09:52
Admin,Masuk form pembelian,27 September 2012,09:09:53
Admin,Berhasil login.,27 September 2012,09:09:53
Admin,Masuk form barang,27 September 2012,09:09:54
Admin,Keluar program,27 September 2012,09:10:47
Admin,Masuk form penjualan,27 September 2012,09:11:32
Admin,Masuk form pembelian,27 September 2012,09:11:33
Admin,Berhasil login.,27 September 2012,09:11:33
Admin,Masuk form barang,27 September 2012,09:11:34
Admin,Keluar program,27 September 2012,09:16:11
Admin,Masuk form penjualan,27 September 2012,11:57:31
Admin,Masuk form pembelian,27 September 2012,11:57:32
Admin,Berhasil login.,27 September 2012,11:57:32
Admin,Masuk form penjualan,27 September 2012,11:57:50
Admin,Masuk form pembelian,27 September 2012,11:57:51
Admin,Berhasil login.,27 September 2012,11:57:51
Admin,Masuk form pelanggan,27 September 2012,11:57:53
Admin,Keluar program,27 September 2012,11:58:18
Admin,Masuk form penjualan,27 September 2012,11:59:36
Admin,Masuk form pembelian,27 September 2012,11:59:37
Admin,Berhasil login.,27 September 2012,11:59:37
Admin,Masuk form pelanggan,27 September 2012,11:59:39
Admin,Masuk form penjualan,27 September 2012,12:00:17
Admin,Masuk form pembelian,27 September 2012,12:00:18
Admin,Berhasil login.,27 September 2012,12:00:18
Admin,Masuk form pelanggan,27 September 2012,12:00:21
Admin,Masuk form penjualan,27 September 2012,12:00:55
Admin,Masuk form pembelian,27 September 2012,12:00:56
Admin,Berhasil login.,27 September 2012,12:00:56
Admin,Masuk form pelanggan,27 September 2012,12:00:58
Admin,Masuk form penjualan,27 September 2012,12:01:39
Admin,Masuk form pembelian,27 September 2012,12:01:40
Admin,Berhasil login.,27 September 2012,12:01:40
Admin,Masuk form pelanggan,27 September 2012,12:01:41
Admin,Keluar program,27 September 2012,12:01:58
Admin,Masuk form penjualan,27 September 2012,12:03:11
Admin,Masuk form pembelian,27 September 2012,12:03:11
Admin,Berhasil login.,27 September 2012,12:03:11
Admin,Masuk form pelanggan,27 September 2012,12:03:13
Admin,Keluar program,27 September 2012,12:03:30
Admin,Masuk form penjualan,27 September 2012,12:05:41
Admin,Masuk form pembelian,27 September 2012,12:05:42
Admin,Berhasil login.,27 September 2012,12:05:42
Admin,Masuk form pelanggan,27 September 2012,12:05:43
Admin,Keluar program,27 September 2012,12:06:04
Admin,Masuk form penjualan,29 September 2012,09:41:21
Admin,Masuk form pembelian,29 September 2012,09:41:22
Admin,Berhasil login.,29 September 2012,09:41:22
Admin,Keluar program,29 September 2012,09:41:23
Admin,Masuk form penjualan,29 September 2012,19:23:50
Admin,Masuk form pembelian,29 September 2012,19:23:51
Admin,Berhasil login.,29 September 2012,19:23:51
Admin,Keluar program,29 September 2012,19:23:57
Admin,Masuk form penjualan,30 September 2012,19:58:21
Admin,Masuk form pembelian,30 September 2012,19:58:24
Admin,Berhasil login.,30 September 2012,19:58:24
Admin,Keluar program,30 September 2012,19:58:50
Admin,Masuk form penjualan,30 September 2012,19:59:43
Admin,Masuk form pembelian,30 September 2012,19:59:44
Admin,Berhasil login.,30 September 2012,19:59:44
Admin,Keluar program,30 September 2012,20:00:11
Admin,Masuk form penjualan,30 September 2012,20:04:59
Admin,Masuk form pembelian,30 September 2012,20:05:00
Admin,Berhasil login.,30 September 2012,20:05:00
Admin,Keluar program,30 September 2012,20:05:24
Admin,Masuk form penjualan,30 September 2012,20:06:16
Admin,Masuk form pembelian,30 September 2012,20:06:17
Admin,Berhasil login.,30 September 2012,20:06:17
Admin,Masuk form penjualan,30 September 2012,20:19:25
Admin,Masuk form pembelian,30 September 2012,20:19:26
Admin,Berhasil login.,30 September 2012,20:19:26
Admin,Masuk form penjualan,30 September 2012,20:19:50
Admin,Keluar program,30 September 2012,20:47:25
Admin,Masuk form penjualan,01 October 2012,04:09:10
Admin,Masuk form pembelian,01 October 2012,04:09:12
Admin,Berhasil login.,01 October 2012,04:09:12
Admin,Masuk form penjualan,01 October 2012,16:56:24
Admin,Masuk form pembelian,01 October 2012,16:56:25
Admin,Berhasil login.,01 October 2012,16:56:25
Admin,Masuk form penjualan,01 October 2012,17:07:22
Admin,Masuk form barang,01 October 2012,17:08:12
Admin,Masuk form penjualan,01 October 2012,17:08:50
Admin,Masuk form Pelanggan,01 October 2012,17:09:59
Admin,Masuk form penjualan,01 October 2012,17:10:04
Admin,Masuk form penjualan,01 October 2012,17:14:03
Admin,Masuk form pembelian,01 October 2012,17:14:08
Admin,Masuk form penjualan,01 October 2012,17:14:14
Admin,Masuk form penjualan,01 October 2012,17:17:00
Admin,Masuk form pembelian,01 October 2012,17:17:01
Admin,Berhasil login.,01 October 2012,17:17:01
Admin,Masuk form barang,01 October 2012,17:17:18
Admin,Masuk form penjualan,01 October 2012,17:17:48
Admin,Masuk form barang,01 October 2012,17:19:28
Admin,Keluar program,01 October 2012,17:24:44
Admin,Masuk form penjualan,01 October 2012,17:25:57
Admin,Masuk form pembelian,01 October 2012,17:25:58
Admin,Berhasil login.,01 October 2012,17:25:58
Admin,Keluar program,01 October 2012,17:28:13
Admin,Masuk form penjualan,05 October 2012,14:15:35
Admin,Masuk form pembelian,05 October 2012,14:15:36
Admin,Berhasil login.,05 October 2012,14:15:36
Admin,Keluar program,05 October 2012,14:15:37
Admin,Masuk form penjualan,06 October 2012,10:26:04
Admin,Masuk form pembelian,06 October 2012,10:26:05
Admin,Berhasil login.,06 October 2012,10:26:05
Admin,Keluar program,06 October 2012,10:26:05
Admin,Masuk form penjualan,08 October 2012,07:45:38
Admin,Masuk form pembelian,08 October 2012,07:45:39
Admin,Berhasil login.,08 October 2012,07:45:39
Admin,Masuk form barang,08 October 2012,07:45:41
Admin,Masuk form penjualan,08 October 2012,07:46:51
Admin,Masuk form pembelian,08 October 2012,07:46:52
Admin,Berhasil login.,08 October 2012,07:46:52
Admin,Keluar program,08 October 2012,07:47:15
Admin,Masuk form penjualan,08 October 2012,07:52:21
Admin,Masuk form pembelian,08 October 2012,07:52:22
Admin,Berhasil login.,08 October 2012,07:52:22
Admin,Masuk form penjualan,08 October 2012,07:52:37
Admin,Masuk form pembelian,08 October 2012,07:52:38
Admin,Berhasil login.,08 October 2012,07:52:38
Admin,Keluar program,08 October 2012,07:52:55
Admin,Masuk form penjualan,08 October 2012,08:04:51
Admin,Masuk form pembelian,08 October 2012,08:04:52
Admin,Berhasil login.,08 October 2012,08:04:52
Admin,Masuk form penjualan,08 October 2012,08:05:53
Admin,Masuk form pembelian,08 October 2012,08:05:54
Admin,Berhasil login.,08 October 2012,08:05:54
Admin,Masuk form penjualan,08 October 2012,08:06:33
Admin,Masuk form pembelian,08 October 2012,08:06:33
Admin,Berhasil login.,08 October 2012,08:06:33
Admin,Keluar program,08 October 2012,08:06:43
Admin,Masuk form penjualan,08 October 2012,08:23:22
Admin,Masuk form pembelian,08 October 2012,08:23:23
Admin,Berhasil login.,08 October 2012,08:23:23
Admin,Keluar program,08 October 2012,08:23:35
Admin,Masuk form penjualan,08 October 2012,09:01:48
Admin,Masuk form pembelian,08 October 2012,09:01:49
Admin,Berhasil login.,08 October 2012,09:01:49
Admin,Keluar program,08 October 2012,09:01:50
Admin,Masuk form penjualan,08 October 2012,09:40:43
Admin,Masuk form pembelian,08 October 2012,09:40:44
Admin,Berhasil login.,08 October 2012,09:40:44
Admin,Masuk form penjualan,08 October 2012,09:42:17
Admin,Masuk form pembelian,08 October 2012,09:42:17
Admin,Berhasil login.,08 October 2012,09:42:17
Admin,Masuk form penjualan,08 October 2012,09:42:52
Admin,Masuk form pembelian,08 October 2012,09:42:52
Admin,Berhasil login.,08 October 2012,09:42:52
Admin,Keluar program,08 October 2012,09:43:05
Admin,Masuk form penjualan,08 October 2012,09:46:40
Admin,Masuk form pembelian,08 October 2012,09:46:42
Admin,Berhasil login.,08 October 2012,09:46:42
Admin,Masuk form penjualan,08 October 2012,09:50:28
Admin,Masuk form pembelian,08 October 2012,09:51:11
Admin,Masuk form pembelian,08 October 2012,09:51:43
Admin,Masuk form penjualan,08 October 2012,09:51:54
Admin,Masuk form pembelian,08 October 2012,09:53:10
Admin,Masuk form penjualan,08 October 2012,09:54:49
Admin,Keluar program,08 October 2012,09:55:44
Admin,Masuk form penjualan,08 October 2012,14:48:21
Admin,Masuk form pembelian,08 October 2012,14:48:23
Admin,Berhasil login.,08 October 2012,14:48:23
Admin,Masuk form penjualan,08 October 2012,14:50:57
Admin,Masuk form pembelian,08 October 2012,14:50:57
Admin,Berhasil login.,08 October 2012,14:50:57
Admin,Masuk form penjualan,08 October 2012,14:53:08
Admin,Masuk form pembelian,08 October 2012,14:53:09
Admin,Berhasil login.,08 October 2012,14:53:09
Admin,Masuk form penjualan,08 October 2012,15:07:21
Admin,Masuk form pembelian,08 October 2012,15:07:23
Admin,Berhasil login.,08 October 2012,15:07:23
Admin,Masuk form penjualan,08 October 2012,15:10:31
Admin,Masuk form pembelian,08 October 2012,15:10:33
Admin,Berhasil login.,08 October 2012,15:10:33
Admin,Masuk form penjualan,08 October 2012,15:10:47
Admin,Masuk form pembelian,08 October 2012,15:10:49
Admin,Berhasil login.,08 October 2012,15:10:49
Admin,Masuk form barang,08 October 2012,15:10:54
Admin,Masuk form penjualan,08 October 2012,15:20:02
Admin,Masuk form pembelian,08 October 2012,15:20:04
Admin,Berhasil login.,08 October 2012,15:20:04
Admin,Masuk form penjualan,08 October 2012,15:22:20
Admin,Masuk form pembelian,08 October 2012,15:22:22
Admin,Berhasil login.,08 October 2012,15:22:22
Admin,Masuk form penjualan,08 October 2012,15:22:56
Admin,Keluar program,08 October 2012,15:23:01
Admin,Masuk form penjualan,09 October 2012,09:20:29
Admin,Masuk form pembelian,09 October 2012,09:20:30
Admin,Berhasil login.,09 October 2012,09:20:30
Admin,Masuk form penjualan,09 October 2012,09:20:32
Admin,Masuk form penjualan,10 October 2012,11:17:17
Admin,Masuk form pembelian,10 October 2012,11:17:19
Admin,Berhasil login.,10 October 2012,11:17:19
Admin,Masuk form laporan laba rugi,10 October 2012,11:17:32
Admin,Keluar program,10 October 2012,11:37:22
Admin,Masuk form penjualan,10 October 2012,18:55:06
Admin,Masuk form pembelian,10 October 2012,18:55:07
Admin,Berhasil login.,10 October 2012,18:55:07
Admin,Keluar program,10 October 2012,18:55:07
Admin,Masuk form penjualan,10 October 2012,19:16:27
Admin,Masuk form pembelian,10 October 2012,19:16:27
Admin,Berhasil login.,10 October 2012,19:16:27
Admin,Keluar program,10 October 2012,19:16:29
Admin,Masuk form penjualan,16 October 2012,00:14:08
Admin,Masuk form pembelian,16 October 2012,00:14:09
Admin,Berhasil login.,16 October 2012,00:14:09
Admin,Keluar program,16 October 2012,00:20:37
Admin,Masuk form penjualan,20 October 2012,08:38:25
Admin,Masuk form pembelian,20 October 2012,08:38:26
Admin,Berhasil login.,20 October 2012,08:38:26
Admin,Masuk form penjualan,20 October 2012,08:38:36
Admin,Masuk form barang,20 October 2012,08:38:42
Admin,Keluar program,20 October 2012,08:39:10
Admin,Masuk form penjualan,20 October 2012,08:47:08
Admin,Masuk form pembelian,20 October 2012,08:47:09
Admin,Berhasil login.,20 October 2012,08:47:09
Admin,Masuk form penjualan,20 October 2012,08:48:45
Admin,Masuk form pembelian,20 October 2012,08:48:45
Admin,Berhasil login.,20 October 2012,08:48:45
