Line 33: Property TabPicture(0) in Tab1 had an invalid file reference.
Line 67: Property TabPicture(1) in Tab1 had an invalid file reference.
Line 74: Property TabPicture(2) in Tab1 had an invalid file reference.
Line 81: Property TabPicture(3) in Tab1 had an invalid file reference.
Line 98: Property OleObjectBlob in Skin1 had an invalid file reference.
Line 96: Cannot load control Skin1.
Line 104: Property OleObjectBlob in SkinLabel11 had an invalid file reference.
Line 101: Cannot load control SkinLabel11.
Line 112: Property OleObjectBlob in SkinLabel9 had an invalid file reference.
Line 109: Cannot load control SkinLabel9.
Line 140: Property OleObjectBlob in SkinLabel5 had an invalid file reference.
Line 137: Cannot load control SkinLabel5.
Line 148: Property OleObjectBlob in SkinLabel6 had an invalid file reference.
Line 145: Cannot load control SkinLabel6.
Line 156: Property OleObjectBlob in SkinLabel7 had an invalid file reference.
Line 153: Cannot load control SkinLabel7.
Line 164: Property OleObjectBlob in hj had an invalid file reference.
Line 161: Cannot load control hj.
Line 172: Property OleObjectBlob in hb had an invalid file reference.
Line 169: Cannot load control hb.
Line 180: Property OleObjectBlob in stok had an invalid file reference.
Line 177: Cannot load control stok.
Line 479: Property OleObjectBlob in SkinLabel12 had an invalid file reference.
Line 476: Cannot load control SkinLabel12.
Line 487: Property OleObjectBlob in SkinLabel10 had an invalid file reference.
Line 484: Cannot load control SkinLabel10.
Line 495: Property OleObjectBlob in SkinLabel8 had an invalid file reference.
Line 492: Cannot load control SkinLabel8.
Line 503: Property OleObjectBlob in stn had an invalid file reference.
Line 500: Cannot load control stn.
Line 644: Property OleObjectBlob in SkinLabel3 had an invalid file reference.
Line 641: Cannot load control SkinLabel3.
Line 652: Property OleObjectBlob in SkinLabel2 had an invalid file reference.
Line 649: Cannot load control SkinLabel2.
Line 660: Property OleObjectBlob in SkinLabel1 had an invalid file reference.
Line 657: Cannot load control SkinLabel1.
Line 965: Property OleObjectBlob in SkinLabel18 had an invalid file reference.
Line 962: Cannot load control SkinLabel18.
Line 973: Property OleObjectBlob in SkinLabel4 had an invalid file reference.
Line 970: Cannot load control SkinLabel4.
Line 1101: Property OleObjectBlob in ket had an invalid file reference.
Line 1098: Cannot load control ket.
