Line 44: Property OleObjectBlob in SkinLabel6 had an invalid file reference.
Line 41: Cannot load control SkinLabel6.
Line 52: Property OleObjectBlob in SkinLabel5 had an invalid file reference.
Line 49: Cannot load control SkinLabel5.
Line 76: Property OleObjectBlob in ttlc2 had an invalid file reference.
Line 73: Cannot load control ttlc2.
Line 84: Property OleObjectBlob in ttlc had an invalid file reference.
Line 81: Cannot load control ttlc.
Line 91: Property OleObjectBlob in Skin1 had an invalid file reference.
Line 89: Cannot load control Skin1.
Line 112: Property OleObjectBlob in Saldo had an invalid file reference.
Line 109: Cannot load control Saldo.
Line 120: Property OleObjectBlob in SkinLabel4 had an invalid file reference.
Line 117: Cannot load control SkinLabel4.
Line 136: Property OleObjectBlob in SkinLabel3 had an invalid file reference.
Line 133: Cannot load control SkinLabel3.
Line 151: Property OleObjectBlob in AK had an invalid file reference.
Line 148: Cannot load control AK.
Line 159: Property OleObjectBlob in SkinLabel2 had an invalid file reference.
Line 156: Cannot load control SkinLabel2.
Line 167: Property OleObjectBlob in SkinLabel1 had an invalid file reference.
Line 164: Cannot load control SkinLabel1.
